{"total": {"lines":{"total":286,"covered":254,"skipped":0,"pct":88.81},"statements":{"total":333,"covered":290,"skipped":0,"pct":87.08},"functions":{"total":134,"covered":109,"skipped":0,"pct":81.34},"branches":{"total":133,"covered":106,"skipped":0,"pct":79.69},"branchesTrue":{"total":0,"covered":0,"skipped":0,"pct":100}}
,"C:\\Users\\Mildret\\Desktop\\act3\\src\\types.ts": {"lines":{"total":0,"covered":0,"skipped":0,"pct":0},"functions":{"total":0,"covered":0,"skipped":0,"pct":0},"statements":{"total":0,"covered":0,"skipped":0,"pct":0},"branches":{"total":0,"covered":0,"skipped":0,"pct":0}}
,"C:\\Users\\Mildret\\Desktop\\act3\\src\\components\\ConfirmDeleteDialog.tsx": {"lines":{"total":1,"covered":1,"skipped":0,"pct":100},"functions":{"total":1,"covered":1,"skipped":0,"pct":100},"statements":{"total":1,"covered":1,"skipped":0,"pct":100},"branches":{"total":2,"covered":2,"skipped":0,"pct":100}}
,"C:\\Users\\Mildret\\Desktop\\act3\\src\\components\\GastoCard.tsx": {"lines":{"total":2,"covered":1,"skipped":0,"pct":50},"functions":{"total":2,"covered":1,"skipped":0,"pct":50},"statements":{"total":2,"covered":1,"skipped":0,"pct":50},"branches":{"total":0,"covered":0,"skipped":0,"pct":100}}
,"C:\\Users\\Mildret\\Desktop\\act3\\src\\components\\GastoForm.tsx": {"lines":{"total":20,"covered":20,"skipped":0,"pct":100},"functions":{"total":11,"covered":11,"skipped":0,"pct":100},"statements":{"total":24,"covered":23,"skipped":0,"pct":95.83},"branches":{"total":10,"covered":7,"skipped":0,"pct":70}}
,"C:\\Users\\Mildret\\Desktop\\act3\\src\\components\\GastoList.tsx": {"lines":{"total":4,"covered":4,"skipped":0,"pct":100},"functions":{"total":2,"covered":2,"skipped":0,"pct":100},"statements":{"total":4,"covered":4,"skipped":0,"pct":100},"branches":{"total":4,"covered":3,"skipped":0,"pct":75}}
,"C:\\Users\\Mildret\\Desktop\\act3\\src\\components\\LabeledInput.tsx": {"lines":{"total":2,"covered":2,"skipped":0,"pct":100},"functions":{"total":1,"covered":1,"skipped":0,"pct":100},"statements":{"total":2,"covered":2,"skipped":0,"pct":100},"branches":{"total":6,"covered":5,"skipped":0,"pct":83.33}}
,"C:\\Users\\Mildret\\Desktop\\act3\\src\\components\\PaymentInfoSection.tsx": {"lines":{"total":5,"covered":5,"skipped":0,"pct":100},"functions":{"total":5,"covered":5,"skipped":0,"pct":100},"statements":{"total":5,"covered":5,"skipped":0,"pct":100},"branches":{"total":1,"covered":0,"skipped":0,"pct":0}}
,"C:\\Users\\Mildret\\Desktop\\act3\\src\\components\\ShippingInfoSection.tsx": {"lines":{"total":4,"covered":4,"skipped":0,"pct":100},"functions":{"total":4,"covered":4,"skipped":0,"pct":100},"statements":{"total":4,"covered":4,"skipped":0,"pct":100},"branches":{"total":1,"covered":0,"skipped":0,"pct":0}}
,"C:\\Users\\Mildret\\Desktop\\act3\\src\\components\\StatusBadge.tsx": {"lines":{"total":3,"covered":3,"skipped":0,"pct":100},"functions":{"total":1,"covered":1,"skipped":0,"pct":100},"statements":{"total":3,"covered":3,"skipped":0,"pct":100},"branches":{"total":4,"covered":4,"skipped":0,"pct":100}}
,"C:\\Users\\Mildret\\Desktop\\act3\\src\\components\\TaskCard.tsx": {"lines":{"total":4,"covered":3,"skipped":0,"pct":75},"functions":{"total":4,"covered":2,"skipped":0,"pct":50},"statements":{"total":4,"covered":3,"skipped":0,"pct":75},"branches":{"total":7,"covered":7,"skipped":0,"pct":100}}
,"C:\\Users\\Mildret\\Desktop\\act3\\src\\components\\TaskForm.tsx": {"lines":{"total":6,"covered":6,"skipped":0,"pct":100},"functions":{"total":2,"covered":2,"skipped":0,"pct":100},"statements":{"total":7,"covered":7,"skipped":0,"pct":100},"branches":{"total":2,"covered":2,"skipped":0,"pct":100}}
,"C:\\Users\\Mildret\\Desktop\\act3\\src\\components\\TaskList.tsx": {"lines":{"total":5,"covered":5,"skipped":0,"pct":100},"functions":{"total":5,"covered":3,"skipped":0,"pct":60},"statements":{"total":5,"covered":5,"skipped":0,"pct":100},"branches":{"total":6,"covered":6,"skipped":0,"pct":100}}
,"C:\\Users\\Mildret\\Desktop\\act3\\src\\components\\UserInfoSection.tsx": {"lines":{"total":4,"covered":4,"skipped":0,"pct":100},"functions":{"total":4,"covered":4,"skipped":0,"pct":100},"statements":{"total":4,"covered":4,"skipped":0,"pct":100},"branches":{"total":1,"covered":0,"skipped":0,"pct":0}}
,"C:\\Users\\Mildret\\Desktop\\act3\\src\\hooks\\useCounter.ts": {"lines":{"total":5,"covered":5,"skipped":0,"pct":100},"functions":{"total":6,"covered":6,"skipped":0,"pct":100},"statements":{"total":10,"covered":10,"skipped":0,"pct":100},"branches":{"total":1,"covered":1,"skipped":0,"pct":100}}
,"C:\\Users\\Mildret\\Desktop\\act3\\src\\hooks\\useCreateTask.ts": {"lines":{"total":22,"covered":22,"skipped":0,"pct":100},"functions":{"total":15,"covered":13,"skipped":0,"pct":86.66},"statements":{"total":27,"covered":27,"skipped":0,"pct":100},"branches":{"total":8,"covered":7,"skipped":0,"pct":87.5}}
,"C:\\Users\\Mildret\\Desktop\\act3\\src\\hooks\\useGastos.ts": {"lines":{"total":40,"covered":34,"skipped":0,"pct":85},"functions":{"total":15,"covered":8,"skipped":0,"pct":53.33},"statements":{"total":50,"covered":38,"skipped":0,"pct":76},"branches":{"total":6,"covered":4,"skipped":0,"pct":66.66}}
,"C:\\Users\\Mildret\\Desktop\\act3\\src\\hooks\\useTaskList.ts": {"lines":{"total":13,"covered":13,"skipped":0,"pct":100},"functions":{"total":6,"covered":6,"skipped":0,"pct":100},"statements":{"total":16,"covered":16,"skipped":0,"pct":100},"branches":{"total":3,"covered":3,"skipped":0,"pct":100}}
,"C:\\Users\\Mildret\\Desktop\\act3\\src\\schemas\\checkoutSchema.ts": {"lines":{"total":8,"covered":8,"skipped":0,"pct":100},"functions":{"total":2,"covered":2,"skipped":0,"pct":100},"statements":{"total":9,"covered":9,"skipped":0,"pct":100},"branches":{"total":2,"covered":2,"skipped":0,"pct":100}}
,"C:\\Users\\Mildret\\Desktop\\act3\\src\\schemas\\gastoApiSchema.ts": {"lines":{"total":37,"covered":37,"skipped":0,"pct":100},"functions":{"total":10,"covered":10,"skipped":0,"pct":100},"statements":{"total":37,"covered":37,"skipped":0,"pct":100},"branches":{"total":8,"covered":8,"skipped":0,"pct":100}}
,"C:\\Users\\Mildret\\Desktop\\act3\\src\\schemas\\gastoSchema.ts": {"lines":{"total":6,"covered":4,"skipped":0,"pct":66.66},"functions":{"total":2,"covered":1,"skipped":0,"pct":50},"statements":{"total":7,"covered":5,"skipped":0,"pct":71.42},"branches":{"total":2,"covered":1,"skipped":0,"pct":50}}
,"C:\\Users\\Mildret\\Desktop\\act3\\src\\schemas\\taskSchema.ts": {"lines":{"total":2,"covered":2,"skipped":0,"pct":100},"functions":{"total":0,"covered":0,"skipped":0,"pct":100},"statements":{"total":2,"covered":2,"skipped":0,"pct":100},"branches":{"total":0,"covered":0,"skipped":0,"pct":100}}
,"C:\\Users\\Mildret\\Desktop\\act3\\src\\screens\\CheckoutScreen.tsx": {"lines":{"total":24,"covered":23,"skipped":0,"pct":95.83},"functions":{"total":12,"covered":11,"skipped":0,"pct":91.66},"statements":{"total":29,"covered":28,"skipped":0,"pct":96.55},"branches":{"total":10,"covered":10,"skipped":0,"pct":100}}
,"C:\\Users\\Mildret\\Desktop\\act3\\src\\screens\\ControlGastosScreen.tsx": {"lines":{"total":9,"covered":8,"skipped":0,"pct":88.88},"functions":{"total":3,"covered":2,"skipped":0,"pct":66.66},"statements":{"total":9,"covered":8,"skipped":0,"pct":88.88},"branches":{"total":8,"covered":7,"skipped":0,"pct":87.5}}
,"C:\\Users\\Mildret\\Desktop\\act3\\src\\screens\\CreateTaskScreen.tsx": {"lines":{"total":14,"covered":10,"skipped":0,"pct":71.42},"functions":{"total":6,"covered":3,"skipped":0,"pct":50},"statements":{"total":16,"covered":11,"skipped":0,"pct":68.75},"branches":{"total":8,"covered":6,"skipped":0,"pct":75}}
,"C:\\Users\\Mildret\\Desktop\\act3\\src\\screens\\HomeScreen.tsx": {"lines":{"total":4,"covered":0,"skipped":0,"pct":0},"functions":{"total":2,"covered":0,"skipped":0,"pct":0},"statements":{"total":4,"covered":0,"skipped":0,"pct":0},"branches":{"total":0,"covered":0,"skipped":0,"pct":100}}
,"C:\\Users\\Mildret\\Desktop\\act3\\src\\services\\gastoService.ts": {"lines":{"total":9,"covered":7,"skipped":0,"pct":77.77},"functions":{"total":3,"covered":2,"skipped":0,"pct":66.66},"statements":{"total":12,"covered":8,"skipped":0,"pct":66.66},"branches":{"total":6,"covered":3,"skipped":0,"pct":50}}
,"C:\\Users\\Mildret\\Desktop\\act3\\src\\services\\taskService.ts": {"lines":{"total":7,"covered":7,"skipped":0,"pct":100},"functions":{"total":2,"covered":2,"skipped":0,"pct":100},"statements":{"total":9,"covered":9,"skipped":0,"pct":100},"branches":{"total":4,"covered":4,"skipped":0,"pct":100}}
,"C:\\Users\\Mildret\\Desktop\\act3\\src\\utils\\filterGastos.ts": {"lines":{"total":14,"covered":4,"skipped":0,"pct":28.57},"functions":{"total":5,"covered":3,"skipped":0,"pct":60},"statements":{"total":17,"covered":6,"skipped":0,"pct":35.29},"branches":{"total":11,"covered":2,"skipped":0,"pct":18.18}}
,"C:\\Users\\Mildret\\Desktop\\act3\\src\\utils\\filterTasks.ts": {"lines":{"total":5,"covered":5,"skipped":0,"pct":100},"functions":{"total":2,"covered":2,"skipped":0,"pct":100},"statements":{"total":7,"covered":7,"skipped":0,"pct":100},"branches":{"total":4,"covered":4,"skipped":0,"pct":100}}
,"C:\\Users\\Mildret\\Desktop\\act3\\src\\utils\\validateTask.ts": {"lines":{"total":7,"covered":7,"skipped":0,"pct":100},"functions":{"total":1,"covered":1,"skipped":0,"pct":100},"statements":{"total":7,"covered":7,"skipped":0,"pct":100},"branches":{"total":8,"covered":8,"skipped":0,"pct":100}}
}
