{"C:\\Users\\Mildret\\Desktop\\act3\\src\\types.ts": {"path":"C:\\Users\\Mildret\\Desktop\\act3\\src\\types.ts","statementMap":{},"fnMap":{},"branchMap":{},"s":{},"f":{},"b":{}}
,"C:\\Users\\Mildret\\Desktop\\act3\\src\\components\\ConfirmDeleteDialog.tsx": {"path":"C:\\Users\\Mildret\\Desktop\\act3\\src\\components\\ConfirmDeleteDialog.tsx","statementMap":{"0":{"start":{"line":17,"column":2},"end":{"line":47,"column":4}}},"fnMap":{"0":{"name":"ConfirmDeleteDialog","decl":{"start":{"line":11,"column":16},"end":{"line":11,"column":35}},"loc":{"start":{"line":16,"column":29},"end":{"line":48,"column":1}},"line":16}},"branchMap":{"0":{"loc":{"start":{"line":23,"column":42},"end":{"line":23,"column":85}},"type":"cond-expr","locations":[{"start":{"line":23,"column":54},"end":{"line":23,"column":70}},{"start":{"line":23,"column":73},"end":{"line":23,"column":85}}],"line":23}},"s":{"0":0},"f":{"0":0},"b":{"0":[0,0]}}
,"C:\\Users\\Mildret\\Desktop\\act3\\src\\components\\GastoCard.tsx": {"path":"C:\\Users\\Mildret\\Desktop\\act3\\src\\components\\GastoCard.tsx","statementMap":{"0":{"start":{"line":11,"column":2},"end":{"line":28,"column":4}},"1":{"start":{"line":21,"column":23},"end":{"line":21,"column":41}}},"fnMap":{"0":{"name":"GastoCard","decl":{"start":{"line":10,"column":16},"end":{"line":10,"column":25}},"loc":{"start":{"line":10,"column":63},"end":{"line":29,"column":1}},"line":10},"1":{"name":"(anonymous_1)","decl":{"start":{"line":21,"column":17},"end":{"line":21,"column":18}},"loc":{"start":{"line":21,"column":23},"end":{"line":21,"column":41}},"line":21}},"branchMap":{},"s":{"0":0,"1":0},"f":{"0":0,"1":0},"b":{}}
,"C:\\Users\\Mildret\\Desktop\\act3\\src\\components\\GastoForm.tsx": {"path":"C:\\Users\\Mildret\\Desktop\\act3\\src\\components\\GastoForm.tsx","statementMap":{"0":{"start":{"line":11,"column":14},"end":{"line":11,"column":57}},"1":{"start":{"line":11,"column":20},"end":{"line":11,"column":57}},"2":{"start":{"line":14,"column":30},"end":{"line":19,"column":4}},"3":{"start":{"line":20,"column":30},"end":{"line":20,"column":90}},"4":{"start":{"line":22,"column":17},"end":{"line":25,"column":3}},"5":{"start":{"line":23,"column":4},"end":{"line":23,"column":61}},"6":{"start":{"line":23,"column":28},"end":{"line":23,"column":58}},"7":{"start":{"line":24,"column":4},"end":{"line":24,"column":65}},"8":{"start":{"line":24,"column":28},"end":{"line":24,"column":62}},"9":{"start":{"line":27,"column":17},"end":{"line":36,"column":3}},"10":{"start":{"line":28,"column":18},"end":{"line":28,"column":39}},"11":{"start":{"line":29,"column":4},"end":{"line":29,"column":21}},"12":{"start":{"line":30,"column":4},"end":{"line":30,"column":46}},"13":{"start":{"line":30,"column":39},"end":{"line":30,"column":46}},"14":{"start":{"line":32,"column":18},"end":{"line":32,"column":116}},"15":{"start":{"line":33,"column":4},"end":{"line":35,"column":5}},"16":{"start":{"line":34,"column":6},"end":{"line":34,"column":85}},"17":{"start":{"line":38,"column":2},"end":{"line":97,"column":4}},"18":{"start":{"line":47,"column":33},"end":{"line":47,"column":61}},"19":{"start":{"line":56,"column":33},"end":{"line":56,"column":55}},"20":{"start":{"line":62,"column":29},"end":{"line":62,"column":59}},"21":{"start":{"line":63,"column":12},"end":{"line":75,"column":14}},"22":{"start":{"line":66,"column":31},"end":{"line":66,"column":61}},"23":{"start":{"line":86,"column":33},"end":{"line":86,"column":55}}},"fnMap":{"0":{"name":"(anonymous_0)","decl":{"start":{"line":11,"column":14},"end":{"line":11,"column":15}},"loc":{"start":{"line":11,"column":20},"end":{"line":11,"column":57}},"line":11},"1":{"name":"GastoForm","decl":{"start":{"line":13,"column":16},"end":{"line":13,"column":25}},"loc":{"start":{"line":13,"column":56},"end":{"line":98,"column":1}},"line":13},"2":{"name":"(anonymous_2)","decl":{"start":{"line":22,"column":17},"end":{"line":22,"column":18}},"loc":{"start":{"line":22,"column":66},"end":{"line":25,"column":3}},"line":22},"3":{"name":"(anonymous_3)","decl":{"start":{"line":23,"column":14},"end":{"line":23,"column":15}},"loc":{"start":{"line":23,"column":28},"end":{"line":23,"column":58}},"line":23},"4":{"name":"(anonymous_4)","decl":{"start":{"line":24,"column":14},"end":{"line":24,"column":15}},"loc":{"start":{"line":24,"column":28},"end":{"line":24,"column":62}},"line":24},"5":{"name":"(anonymous_5)","decl":{"start":{"line":27,"column":17},"end":{"line":27,"column":18}},"loc":{"start":{"line":27,"column":29},"end":{"line":36,"column":3}},"line":27},"6":{"name":"(anonymous_6)","decl":{"start":{"line":47,"column":22},"end":{"line":47,"column":23}},"loc":{"start":{"line":47,"column":33},"end":{"line":47,"column":61}},"line":47},"7":{"name":"(anonymous_7)","decl":{"start":{"line":56,"column":22},"end":{"line":56,"column":23}},"loc":{"start":{"line":56,"column":33},"end":{"line":56,"column":55}},"line":56},"8":{"name":"(anonymous_8)","decl":{"start":{"line":61,"column":32},"end":{"line":61,"column":33}},"loc":{"start":{"line":61,"column":47},"end":{"line":76,"column":11}},"line":61},"9":{"name":"(anonymous_9)","decl":{"start":{"line":66,"column":25},"end":{"line":66,"column":26}},"loc":{"start":{"line":66,"column":31},"end":{"line":66,"column":61}},"line":66},"10":{"name":"(anonymous_10)","decl":{"start":{"line":86,"column":22},"end":{"line":86,"column":23}},"loc":{"start":{"line":86,"column":33},"end":{"line":86,"column":55}},"line":86}},"branchMap":{"0":{"loc":{"start":{"line":30,"column":4},"end":{"line":30,"column":46}},"type":"if","locations":[{"start":{"line":30,"column":4},"end":{"line":30,"column":46}},{"start":{},"end":{}}],"line":30},"1":{"loc":{"start":{"line":33,"column":4},"end":{"line":35,"column":5}},"type":"if","locations":[{"start":{"line":33,"column":4},"end":{"line":35,"column":5}},{"start":{},"end":{}}],"line":33},"2":{"loc":{"start":{"line":69,"column":53},"end":{"line":69,"column":95}},"type":"cond-expr","locations":[{"start":{"line":69,"column":64},"end":{"line":69,"column":79}},{"start":{"line":69,"column":82},"end":{"line":69,"column":95}}],"line":69},"3":{"loc":{"start":{"line":71,"column":56},"end":{"line":71,"column":97}},"type":"cond-expr","locations":[{"start":{"line":71,"column":67},"end":{"line":71,"column":79}},{"start":{"line":71,"column":82},"end":{"line":71,"column":97}}],"line":71},"4":{"loc":{"start":{"line":78,"column":9},"end":{"line":78,"column":93}},"type":"binary-expr","locations":[{"start":{"line":78,"column":9},"end":{"line":78,"column":25}},{"start":{"line":78,"column":29},"end":{"line":78,"column":93}}],"line":78}},"s":{"0":0,"1":0,"2":0,"3":0,"4":0,"5":0,"6":0,"7":0,"8":0,"9":0,"10":0,"11":0,"12":0,"13":0,"14":0,"15":0,"16":0,"17":0,"18":0,"19":0,"20":0,"21":0,"22":0,"23":0},"f":{"0":0,"1":0,"2":0,"3":0,"4":0,"5":0,"6":0,"7":0,"8":0,"9":0,"10":0},"b":{"0":[0,0],"1":[0,0],"2":[0,0],"3":[0,0],"4":[0,0]}}
,"C:\\Users\\Mildret\\Desktop\\act3\\src\\components\\GastoList.tsx": {"path":"C:\\Users\\Mildret\\Desktop\\act3\\src\\components\\GastoList.tsx","statementMap":{"0":{"start":{"line":12,"column":2},"end":{"line":14,"column":3}},"1":{"start":{"line":13,"column":4},"end":{"line":13,"column":103}},"2":{"start":{"line":15,"column":2},"end":{"line":22,"column":4}},"3":{"start":{"line":20,"column":29},"end":{"line":20,"column":91}}},"fnMap":{"0":{"name":"GastoList","decl":{"start":{"line":11,"column":16},"end":{"line":11,"column":25}},"loc":{"start":{"line":11,"column":64},"end":{"line":23,"column":1}},"line":11},"1":{"name":"(anonymous_1)","decl":{"start":{"line":20,"column":18},"end":{"line":20,"column":19}},"loc":{"start":{"line":20,"column":29},"end":{"line":20,"column":91}},"line":20}},"branchMap":{"0":{"loc":{"start":{"line":12,"column":2},"end":{"line":14,"column":3}},"type":"if","locations":[{"start":{"line":12,"column":2},"end":{"line":14,"column":3}},{"start":{},"end":{}}],"line":12},"1":{"loc":{"start":{"line":18,"column":9},"end":{"line":18,"column":68}},"type":"cond-expr","locations":[{"start":{"line":18,"column":31},"end":{"line":18,"column":40}},{"start":{"line":18,"column":43},"end":{"line":18,"column":68}}],"line":18}},"s":{"0":0,"1":0,"2":0,"3":0},"f":{"0":0,"1":0},"b":{"0":[0,0],"1":[0,0]}}
,"C:\\Users\\Mildret\\Desktop\\act3\\src\\components\\LabeledInput.tsx": {"path":"C:\\Users\\Mildret\\Desktop\\act3\\src\\components\\LabeledInput.tsx","statementMap":{"0":{"start":{"line":5,"column":37},"end":{"line":5,"column":66}},"1":{"start":{"line":13,"column":2},"end":{"line":27,"column":4}}},"fnMap":{"0":{"name":"LabeledInput","decl":{"start":{"line":12,"column":16},"end":{"line":12,"column":28}},"loc":{"start":{"line":12,"column":75},"end":{"line":28,"column":1}},"line":12}},"branchMap":{"0":{"loc":{"start":{"line":19,"column":30},"end":{"line":19,"column":87}},"type":"cond-expr","locations":[{"start":{"line":19,"column":54},"end":{"line":19,"column":75}},{"start":{"line":19,"column":78},"end":{"line":19,"column":87}}],"line":19},"1":{"loc":{"start":{"line":21,"column":10},"end":{"line":21,"column":54}},"type":"cond-expr","locations":[{"start":{"line":21,"column":18},"end":{"line":21,"column":34}},{"start":{"line":21,"column":37},"end":{"line":21,"column":54}}],"line":21},"2":{"loc":{"start":{"line":25,"column":7},"end":{"line":25,"column":69}},"type":"binary-expr","locations":[{"start":{"line":25,"column":7},"end":{"line":25,"column":12}},{"start":{"line":25,"column":16},"end":{"line":25,"column":69}}],"line":25}},"s":{"0":0,"1":0},"f":{"0":0},"b":{"0":[0,0],"1":[0,0],"2":[0,0]}}
,"C:\\Users\\Mildret\\Desktop\\act3\\src\\components\\PaymentInfoSection.tsx": {"path":"C:\\Users\\Mildret\\Desktop\\act3\\src\\components\\PaymentInfoSection.tsx","statementMap":{"0":{"start":{"line":19,"column":2},"end":{"line":56,"column":4}},"1":{"start":{"line":27,"column":29},"end":{"line":27,"column":51}},"2":{"start":{"line":36,"column":29},"end":{"line":36,"column":57}},"3":{"start":{"line":44,"column":29},"end":{"line":44,"column":55}},"4":{"start":{"line":53,"column":29},"end":{"line":53,"column":47}}},"fnMap":{"0":{"name":"PaymentInfoSection","decl":{"start":{"line":18,"column":16},"end":{"line":18,"column":34}},"loc":{"start":{"line":18,"column":77},"end":{"line":57,"column":1}},"line":18},"1":{"name":"(anonymous_1)","decl":{"start":{"line":27,"column":22},"end":{"line":27,"column":23}},"loc":{"start":{"line":27,"column":29},"end":{"line":27,"column":51}},"line":27},"2":{"name":"(anonymous_2)","decl":{"start":{"line":36,"column":22},"end":{"line":36,"column":23}},"loc":{"start":{"line":36,"column":29},"end":{"line":36,"column":57}},"line":36},"3":{"name":"(anonymous_3)","decl":{"start":{"line":44,"column":22},"end":{"line":44,"column":23}},"loc":{"start":{"line":44,"column":29},"end":{"line":44,"column":55}},"line":44},"4":{"name":"(anonymous_4)","decl":{"start":{"line":53,"column":22},"end":{"line":53,"column":23}},"loc":{"start":{"line":53,"column":29},"end":{"line":53,"column":47}},"line":53}},"branchMap":{"0":{"loc":{"start":{"line":18,"column":55},"end":{"line":18,"column":66}},"type":"default-arg","locations":[{"start":{"line":18,"column":64},"end":{"line":18,"column":66}}],"line":18}},"s":{"0":0,"1":0,"2":0,"3":0,"4":0},"f":{"0":0,"1":0,"2":0,"3":0,"4":0},"b":{"0":[0]}}
,"C:\\Users\\Mildret\\Desktop\\act3\\src\\components\\ShippingInfoSection.tsx": {"path":"C:\\Users\\Mildret\\Desktop\\act3\\src\\components\\ShippingInfoSection.tsx","statementMap":{"0":{"start":{"line":18,"column":2},"end":{"line":45,"column":4}},"1":{"start":{"line":26,"column":29},"end":{"line":26,"column":53}},"2":{"start":{"line":33,"column":29},"end":{"line":33,"column":50}},"3":{"start":{"line":42,"column":29},"end":{"line":42,"column":56}}},"fnMap":{"0":{"name":"ShippingInfoSection","decl":{"start":{"line":17,"column":16},"end":{"line":17,"column":35}},"loc":{"start":{"line":17,"column":78},"end":{"line":46,"column":1}},"line":17},"1":{"name":"(anonymous_1)","decl":{"start":{"line":26,"column":22},"end":{"line":26,"column":23}},"loc":{"start":{"line":26,"column":29},"end":{"line":26,"column":53}},"line":26},"2":{"name":"(anonymous_2)","decl":{"start":{"line":33,"column":22},"end":{"line":33,"column":23}},"loc":{"start":{"line":33,"column":29},"end":{"line":33,"column":50}},"line":33},"3":{"name":"(anonymous_3)","decl":{"start":{"line":42,"column":22},"end":{"line":42,"column":23}},"loc":{"start":{"line":42,"column":29},"end":{"line":42,"column":56}},"line":42}},"branchMap":{"0":{"loc":{"start":{"line":17,"column":56},"end":{"line":17,"column":67}},"type":"default-arg","locations":[{"start":{"line":17,"column":65},"end":{"line":17,"column":67}}],"line":17}},"s":{"0":0,"1":0,"2":0,"3":0},"f":{"0":0,"1":0,"2":0,"3":0},"b":{"0":[0]}}
,"C:\\Users\\Mildret\\Desktop\\act3\\src\\components\\StatusBadge.tsx": {"path":"C:\\Users\\Mildret\\Desktop\\act3\\src\\components\\StatusBadge.tsx","statementMap":{"0":{"start":{"line":5,"column":16},"end":{"line":5,"column":67}},"1":{"start":{"line":6,"column":15},"end":{"line":6,"column":49}},"2":{"start":{"line":8,"column":2},"end":{"line":17,"column":4}}},"fnMap":{"0":{"name":"StatusBadge","decl":{"start":{"line":4,"column":16},"end":{"line":4,"column":27}},"loc":{"start":{"line":4,"column":77},"end":{"line":18,"column":1}},"line":4}},"branchMap":{"0":{"loc":{"start":{"line":5,"column":16},"end":{"line":5,"column":67}},"type":"cond-expr","locations":[{"start":{"line":5,"column":41},"end":{"line":5,"column":53}},{"start":{"line":5,"column":56},"end":{"line":5,"column":67}}],"line":5},"1":{"loc":{"start":{"line":6,"column":15},"end":{"line":6,"column":49}},"type":"cond-expr","locations":[{"start":{"line":6,"column":40},"end":{"line":6,"column":43}},{"start":{"line":6,"column":46},"end":{"line":6,"column":49}}],"line":6}},"s":{"0":0,"1":0,"2":0},"f":{"0":0},"b":{"0":[0,0],"1":[0,0]}}
,"C:\\Users\\Mildret\\Desktop\\act3\\src\\components\\TaskCard.tsx": {"path":"C:\\Users\\Mildret\\Desktop\\act3\\src\\components\\TaskCard.tsx","statementMap":{"0":{"start":{"line":12,"column":15},"end":{"line":12,"column":42}},"1":{"start":{"line":13,"column":2},"end":{"line":33,"column":4}},"2":{"start":{"line":17,"column":23},"end":{"line":17,"column":40}},"3":{"start":{"line":26,"column":23},"end":{"line":26,"column":40}}},"fnMap":{"0":{"name":"TaskCard","decl":{"start":{"line":11,"column":16},"end":{"line":11,"column":24}},"loc":{"start":{"line":11,"column":81},"end":{"line":34,"column":1}},"line":11},"1":{"name":"(anonymous_1)","decl":{"start":{"line":11,"column":54},"end":{"line":11,"column":55}},"loc":{"start":{"line":11,"column":60},"end":{"line":11,"column":62}},"line":11},"2":{"name":"(anonymous_2)","decl":{"start":{"line":17,"column":17},"end":{"line":17,"column":18}},"loc":{"start":{"line":17,"column":23},"end":{"line":17,"column":40}},"line":17},"3":{"name":"(anonymous_3)","decl":{"start":{"line":26,"column":17},"end":{"line":26,"column":18}},"loc":{"start":{"line":26,"column":23},"end":{"line":26,"column":40}},"line":26}},"branchMap":{"0":{"loc":{"start":{"line":11,"column":43},"end":{"line":11,"column":62}},"type":"default-arg","locations":[{"start":{"line":11,"column":54},"end":{"line":11,"column":62}}],"line":11},"1":{"loc":{"start":{"line":19,"column":63},"end":{"line":19,"column":96}},"type":"cond-expr","locations":[{"start":{"line":19,"column":70},"end":{"line":19,"column":81}},{"start":{"line":19,"column":84},"end":{"line":19,"column":96}}],"line":19},"2":{"loc":{"start":{"line":21,"column":41},"end":{"line":21,"column":82}},"type":"cond-expr","locations":[{"start":{"line":21,"column":48},"end":{"line":21,"column":64}},{"start":{"line":21,"column":67},"end":{"line":21,"column":82}}],"line":21},"3":{"loc":{"start":{"line":22,"column":11},"end":{"line":22,"column":48}},"type":"cond-expr","locations":[{"start":{"line":22,"column":18},"end":{"line":22,"column":32}},{"start":{"line":22,"column":35},"end":{"line":22,"column":48}}],"line":22}},"s":{"0":0,"1":0,"2":0,"3":0},"f":{"0":0,"1":0,"2":0,"3":0},"b":{"0":[0],"1":[0,0],"2":[0,0],"3":[0,0]}}
,"C:\\Users\\Mildret\\Desktop\\act3\\src\\components\\TaskForm.tsx": {"path":"C:\\Users\\Mildret\\Desktop\\act3\\src\\components\\TaskForm.tsx","statementMap":{"0":{"start":{"line":9,"column":28},"end":{"line":9,"column":40}},"1":{"start":{"line":11,"column":23},"end":{"line":15,"column":3}},"2":{"start":{"line":12,"column":4},"end":{"line":12,"column":30}},"3":{"start":{"line":12,"column":23},"end":{"line":12,"column":30}},"4":{"start":{"line":13,"column":4},"end":{"line":13,"column":20}},"5":{"start":{"line":14,"column":4},"end":{"line":14,"column":17}},"6":{"start":{"line":17,"column":2},"end":{"line":36,"column":4}}},"fnMap":{"0":{"name":"TaskForm","decl":{"start":{"line":8,"column":16},"end":{"line":8,"column":24}},"loc":{"start":{"line":8,"column":54},"end":{"line":37,"column":1}},"line":8},"1":{"name":"(anonymous_1)","decl":{"start":{"line":11,"column":23},"end":{"line":11,"column":24}},"loc":{"start":{"line":11,"column":29},"end":{"line":15,"column":3}},"line":11}},"branchMap":{"0":{"loc":{"start":{"line":12,"column":4},"end":{"line":12,"column":30}},"type":"if","locations":[{"start":{"line":12,"column":4},"end":{"line":12,"column":30}},{"start":{},"end":{}}],"line":12}},"s":{"0":0,"1":0,"2":0,"3":0,"4":0,"5":0,"6":0},"f":{"0":0,"1":0},"b":{"0":[0,0]}}
,"C:\\Users\\Mildret\\Desktop\\act3\\src\\components\\TaskList.tsx": {"path":"C:\\Users\\Mildret\\Desktop\\act3\\src\\components\\TaskList.tsx","statementMap":{"0":{"start":{"line":13,"column":2},"end":{"line":15,"column":3}},"1":{"start":{"line":14,"column":4},"end":{"line":14,"column":95}},"2":{"start":{"line":17,"column":2},"end":{"line":30,"column":4}},"3":{"start":{"line":26,"column":29},"end":{"line":26,"column":33}},"4":{"start":{"line":27,"column":34},"end":{"line":27,"column":98}}},"fnMap":{"0":{"name":"TaskList","decl":{"start":{"line":12,"column":16},"end":{"line":12,"column":24}},"loc":{"start":{"line":12,"column":93},"end":{"line":31,"column":1}},"line":12},"1":{"name":"(anonymous_1)","decl":{"start":{"line":12,"column":45},"end":{"line":12,"column":46}},"loc":{"start":{"line":12,"column":51},"end":{"line":12,"column":53}},"line":12},"2":{"name":"(anonymous_2)","decl":{"start":{"line":12,"column":66},"end":{"line":12,"column":67}},"loc":{"start":{"line":12,"column":72},"end":{"line":12,"column":74}},"line":12},"3":{"name":"(anonymous_3)","decl":{"start":{"line":26,"column":22},"end":{"line":26,"column":23}},"loc":{"start":{"line":26,"column":29},"end":{"line":26,"column":33}},"line":26},"4":{"name":"(anonymous_4)","decl":{"start":{"line":27,"column":20},"end":{"line":27,"column":21}},"loc":{"start":{"line":27,"column":34},"end":{"line":27,"column":98}},"line":27}},"branchMap":{"0":{"loc":{"start":{"line":12,"column":34},"end":{"line":12,"column":53}},"type":"default-arg","locations":[{"start":{"line":12,"column":45},"end":{"line":12,"column":53}}],"line":12},"1":{"loc":{"start":{"line":12,"column":55},"end":{"line":12,"column":74}},"type":"default-arg","locations":[{"start":{"line":12,"column":66},"end":{"line":12,"column":74}}],"line":12},"2":{"loc":{"start":{"line":13,"column":2},"end":{"line":15,"column":3}},"type":"if","locations":[{"start":{"line":13,"column":2},"end":{"line":15,"column":3}},{"start":{},"end":{}}],"line":13},"3":{"loc":{"start":{"line":20,"column":9},"end":{"line":20,"column":66}},"type":"cond-expr","locations":[{"start":{"line":20,"column":30},"end":{"line":20,"column":39}},{"start":{"line":20,"column":42},"end":{"line":20,"column":66}}],"line":20}},"s":{"0":0,"1":0,"2":0,"3":0,"4":0},"f":{"0":0,"1":0,"2":0,"3":0,"4":0},"b":{"0":[0],"1":[0],"2":[0,0],"3":[0,0]}}
,"C:\\Users\\Mildret\\Desktop\\act3\\src\\components\\UserInfoSection.tsx": {"path":"C:\\Users\\Mildret\\Desktop\\act3\\src\\components\\UserInfoSection.tsx","statementMap":{"0":{"start":{"line":18,"column":2},"end":{"line":49,"column":4}},"1":{"start":{"line":27,"column":29},"end":{"line":27,"column":50}},"2":{"start":{"line":37,"column":29},"end":{"line":37,"column":49}},"3":{"start":{"line":46,"column":29},"end":{"line":46,"column":52}}},"fnMap":{"0":{"name":"UserInfoSection","decl":{"start":{"line":17,"column":16},"end":{"line":17,"column":31}},"loc":{"start":{"line":17,"column":74},"end":{"line":50,"column":1}},"line":17},"1":{"name":"(anonymous_1)","decl":{"start":{"line":27,"column":22},"end":{"line":27,"column":23}},"loc":{"start":{"line":27,"column":29},"end":{"line":27,"column":50}},"line":27},"2":{"name":"(anonymous_2)","decl":{"start":{"line":37,"column":22},"end":{"line":37,"column":23}},"loc":{"start":{"line":37,"column":29},"end":{"line":37,"column":49}},"line":37},"3":{"name":"(anonymous_3)","decl":{"start":{"line":46,"column":22},"end":{"line":46,"column":23}},"loc":{"start":{"line":46,"column":29},"end":{"line":46,"column":52}},"line":46}},"branchMap":{"0":{"loc":{"start":{"line":17,"column":52},"end":{"line":17,"column":63}},"type":"default-arg","locations":[{"start":{"line":17,"column":61},"end":{"line":17,"column":63}}],"line":17}},"s":{"0":0,"1":0,"2":0,"3":0},"f":{"0":0,"1":0,"2":0,"3":0},"b":{"0":[0]}}
,"C:\\Users\\Mildret\\Desktop\\act3\\src\\hooks\\useCounter.ts": {"path":"C:\\Users\\Mildret\\Desktop\\act3\\src\\hooks\\useCounter.ts","statementMap":{"0":{"start":{"line":4,"column":28},"end":{"line":4,"column":50}},"1":{"start":{"line":6,"column":20},"end":{"line":6,"column":54}},"2":{"start":{"line":6,"column":26},"end":{"line":6,"column":54}},"3":{"start":{"line":6,"column":45},"end":{"line":6,"column":53}},"4":{"start":{"line":7,"column":20},"end":{"line":7,"column":54}},"5":{"start":{"line":7,"column":26},"end":{"line":7,"column":54}},"6":{"start":{"line":7,"column":45},"end":{"line":7,"column":53}},"7":{"start":{"line":8,"column":16},"end":{"line":8,"column":44}},"8":{"start":{"line":8,"column":22},"end":{"line":8,"column":44}},"9":{"start":{"line":10,"column":2},"end":{"line":10,"column":48}}},"fnMap":{"0":{"name":"useCounter","decl":{"start":{"line":3,"column":16},"end":{"line":3,"column":26}},"loc":{"start":{"line":3,"column":53},"end":{"line":11,"column":1}},"line":3},"1":{"name":"(anonymous_1)","decl":{"start":{"line":6,"column":20},"end":{"line":6,"column":21}},"loc":{"start":{"line":6,"column":26},"end":{"line":6,"column":54}},"line":6},"2":{"name":"(anonymous_2)","decl":{"start":{"line":6,"column":35},"end":{"line":6,"column":36}},"loc":{"start":{"line":6,"column":45},"end":{"line":6,"column":53}},"line":6},"3":{"name":"(anonymous_3)","decl":{"start":{"line":7,"column":20},"end":{"line":7,"column":21}},"loc":{"start":{"line":7,"column":26},"end":{"line":7,"column":54}},"line":7},"4":{"name":"(anonymous_4)","decl":{"start":{"line":7,"column":35},"end":{"line":7,"column":36}},"loc":{"start":{"line":7,"column":45},"end":{"line":7,"column":53}},"line":7},"5":{"name":"(anonymous_5)","decl":{"start":{"line":8,"column":16},"end":{"line":8,"column":17}},"loc":{"start":{"line":8,"column":22},"end":{"line":8,"column":44}},"line":8}},"branchMap":{"0":{"loc":{"start":{"line":3,"column":27},"end":{"line":3,"column":51}},"type":"default-arg","locations":[{"start":{"line":3,"column":50},"end":{"line":3,"column":51}}],"line":3}},"s":{"0":0,"1":0,"2":0,"3":0,"4":0,"5":0,"6":0,"7":0,"8":0,"9":0},"f":{"0":0,"1":0,"2":0,"3":0,"4":0,"5":0},"b":{"0":[0]}}
,"C:\\Users\\Mildret\\Desktop\\act3\\src\\hooks\\useCreateTask.ts": {"path":"C:\\Users\\Mildret\\Desktop\\act3\\src\\hooks\\useCreateTask.ts","statementMap":{"0":{"start":{"line":5,"column":20},"end":{"line":5,"column":27}},"1":{"start":{"line":8,"column":30},"end":{"line":8,"column":66}},"2":{"start":{"line":9,"column":28},"end":{"line":9,"column":48}},"3":{"start":{"line":10,"column":17},"end":{"line":10,"column":30}},"4":{"start":{"line":12,"column":2},"end":{"line":21,"column":9}},"5":{"start":{"line":13,"column":4},"end":{"line":20,"column":9}},"6":{"start":{"line":15,"column":8},"end":{"line":15,"column":43}},"7":{"start":{"line":15,"column":17},"end":{"line":15,"column":43}},"8":{"start":{"line":19,"column":8},"end":{"line":19,"column":30}},"9":{"start":{"line":23,"column":2},"end":{"line":27,"column":14}},"10":{"start":{"line":25,"column":4},"end":{"line":25,"column":32}},"11":{"start":{"line":25,"column":25},"end":{"line":25,"column":32}},"12":{"start":{"line":26,"column":4},"end":{"line":26,"column":77}},"13":{"start":{"line":29,"column":17},"end":{"line":38,"column":3}},"14":{"start":{"line":30,"column":23},"end":{"line":35,"column":5}},"15":{"start":{"line":36,"column":4},"end":{"line":36,"column":40}},"16":{"start":{"line":36,"column":23},"end":{"line":36,"column":38}},"17":{"start":{"line":37,"column":4},"end":{"line":37,"column":25}},"18":{"start":{"line":40,"column":21},"end":{"line":42,"column":3}},"19":{"start":{"line":41,"column":4},"end":{"line":41,"column":56}},"20":{"start":{"line":41,"column":23},"end":{"line":41,"column":54}},"21":{"start":{"line":41,"column":42},"end":{"line":41,"column":53}},"22":{"start":{"line":44,"column":21},"end":{"line":50,"column":3}},"23":{"start":{"line":45,"column":4},"end":{"line":49,"column":6}},"24":{"start":{"line":46,"column":6},"end":{"line":48,"column":7}},"25":{"start":{"line":47,"column":8},"end":{"line":47,"column":94}},"26":{"start":{"line":52,"column":2},"end":{"line":52,"column":59}}},"fnMap":{"0":{"name":"useCreateTask","decl":{"start":{"line":7,"column":16},"end":{"line":7,"column":29}},"loc":{"start":{"line":7,"column":32},"end":{"line":53,"column":1}},"line":7},"1":{"name":"(anonymous_1)","decl":{"start":{"line":12,"column":12},"end":{"line":12,"column":13}},"loc":{"start":{"line":12,"column":18},"end":{"line":21,"column":3}},"line":12},"2":{"name":"(anonymous_2)","decl":{"start":{"line":14,"column":12},"end":{"line":14,"column":13}},"loc":{"start":{"line":14,"column":21},"end":{"line":16,"column":7}},"line":14},"3":{"name":"(anonymous_3)","decl":{"start":{"line":17,"column":13},"end":{"line":17,"column":14}},"loc":{"start":{"line":17,"column":19},"end":{"line":17,"column":21}},"line":17},"4":{"name":"(anonymous_4)","decl":{"start":{"line":18,"column":15},"end":{"line":18,"column":16}},"loc":{"start":{"line":18,"column":21},"end":{"line":20,"column":7}},"line":18},"5":{"name":"(anonymous_5)","decl":{"start":{"line":23,"column":12},"end":{"line":23,"column":13}},"loc":{"start":{"line":23,"column":18},"end":{"line":27,"column":3}},"line":23},"6":{"name":"(anonymous_6)","decl":{"start":{"line":26,"column":67},"end":{"line":26,"column":68}},"loc":{"start":{"line":26,"column":73},"end":{"line":26,"column":75}},"line":26},"7":{"name":"(anonymous_7)","decl":{"start":{"line":29,"column":17},"end":{"line":29,"column":18}},"loc":{"start":{"line":29,"column":42},"end":{"line":38,"column":3}},"line":29},"8":{"name":"(anonymous_8)","decl":{"start":{"line":36,"column":13},"end":{"line":36,"column":14}},"loc":{"start":{"line":36,"column":23},"end":{"line":36,"column":38}},"line":36},"9":{"name":"(anonymous_9)","decl":{"start":{"line":40,"column":21},"end":{"line":40,"column":22}},"loc":{"start":{"line":40,"column":37},"end":{"line":42,"column":3}},"line":40},"10":{"name":"(anonymous_10)","decl":{"start":{"line":41,"column":13},"end":{"line":41,"column":14}},"loc":{"start":{"line":41,"column":23},"end":{"line":41,"column":54}},"line":41},"11":{"name":"(anonymous_11)","decl":{"start":{"line":41,"column":35},"end":{"line":41,"column":36}},"loc":{"start":{"line":41,"column":42},"end":{"line":41,"column":53}},"line":41},"12":{"name":"(anonymous_12)","decl":{"start":{"line":44,"column":21},"end":{"line":44,"column":22}},"loc":{"start":{"line":44,"column":37},"end":{"line":50,"column":3}},"line":44},"13":{"name":"(anonymous_13)","decl":{"start":{"line":45,"column":13},"end":{"line":45,"column":14}},"loc":{"start":{"line":46,"column":6},"end":{"line":48,"column":7}},"line":46},"14":{"name":"(anonymous_14)","decl":{"start":{"line":46,"column":15},"end":{"line":46,"column":16}},"loc":{"start":{"line":47,"column":8},"end":{"line":47,"column":94}},"line":47}},"branchMap":{"0":{"loc":{"start":{"line":15,"column":8},"end":{"line":15,"column":43}},"type":"if","locations":[{"start":{"line":15,"column":8},"end":{"line":15,"column":43}},{"start":{},"end":{}}],"line":15},"1":{"loc":{"start":{"line":25,"column":4},"end":{"line":25,"column":32}},"type":"if","locations":[{"start":{"line":25,"column":4},"end":{"line":25,"column":32}},{"start":{},"end":{}}],"line":25},"2":{"loc":{"start":{"line":47,"column":8},"end":{"line":47,"column":94}},"type":"cond-expr","locations":[{"start":{"line":47,"column":22},"end":{"line":47,"column":90}},{"start":{"line":47,"column":93},"end":{"line":47,"column":94}}],"line":47},"3":{"loc":{"start":{"line":47,"column":38},"end":{"line":47,"column":88}},"type":"cond-expr","locations":[{"start":{"line":47,"column":65},"end":{"line":47,"column":74}},{"start":{"line":47,"column":77},"end":{"line":47,"column":88}}],"line":47}},"s":{"0":0,"1":0,"2":0,"3":0,"4":0,"5":0,"6":0,"7":0,"8":0,"9":0,"10":0,"11":0,"12":0,"13":0,"14":0,"15":0,"16":0,"17":0,"18":0,"19":0,"20":0,"21":0,"22":0,"23":0,"24":0,"25":0,"26":0},"f":{"0":0,"1":0,"2":0,"3":0,"4":0,"5":0,"6":0,"7":0,"8":0,"9":0,"10":0,"11":0,"12":0,"13":0,"14":0},"b":{"0":[0,0],"1":[0,0],"2":[0,0],"3":[0,0]}}
,"C:\\Users\\Mildret\\Desktop\\act3\\src\\hooks\\useGastos.ts": {"path":"C:\\Users\\Mildret\\Desktop\\act3\\src\\hooks\\useGastos.ts","statementMap":{"0":{"start":{"line":6,"column":20},"end":{"line":6,"column":28}},"1":{"start":{"line":11,"column":23},"end":{"line":11,"column":69}},"2":{"start":{"line":11,"column":43},"end":{"line":11,"column":69}},"3":{"start":{"line":14,"column":30},"end":{"line":14,"column":51}},"4":{"start":{"line":15,"column":30},"end":{"line":15,"column":57}},"5":{"start":{"line":16,"column":28},"end":{"line":16,"column":57}},"6":{"start":{"line":17,"column":17},"end":{"line":17,"column":30}},"7":{"start":{"line":19,"column":2},"end":{"line":40,"column":9}},"8":{"start":{"line":20,"column":17},"end":{"line":38,"column":5}},"9":{"start":{"line":21,"column":31},"end":{"line":21,"column":33}},"10":{"start":{"line":22,"column":6},"end":{"line":27,"column":7}},"11":{"start":{"line":23,"column":20},"end":{"line":23,"column":59}},"12":{"start":{"line":24,"column":8},"end":{"line":24,"column":45}},"13":{"start":{"line":24,"column":17},"end":{"line":24,"column":45}},"14":{"start":{"line":29,"column":6},"end":{"line":37,"column":7}},"15":{"start":{"line":30,"column":21},"end":{"line":30,"column":40}},"16":{"start":{"line":31,"column":8},"end":{"line":31,"column":24}},"17":{"start":{"line":33,"column":8},"end":{"line":33,"column":29}},"18":{"start":{"line":35,"column":8},"end":{"line":35,"column":30}},"19":{"start":{"line":36,"column":8},"end":{"line":36,"column":73}},"20":{"start":{"line":36,"column":32},"end":{"line":36,"column":70}},"21":{"start":{"line":39,"column":4},"end":{"line":39,"column":11}},"22":{"start":{"line":42,"column":2},"end":{"line":45,"column":15}},"23":{"start":{"line":43,"column":4},"end":{"line":43,"column":32}},"24":{"start":{"line":43,"column":25},"end":{"line":43,"column":32}},"25":{"start":{"line":44,"column":4},"end":{"line":44,"column":78}},"26":{"start":{"line":47,"column":23},"end":{"line":60,"column":3}},"27":{"start":{"line":48,"column":4},"end":{"line":48,"column":19}},"28":{"start":{"line":49,"column":4},"end":{"line":59,"column":5}},"29":{"start":{"line":50,"column":22},"end":{"line":50,"column":46}},"30":{"start":{"line":51,"column":6},"end":{"line":51,"column":52}},"31":{"start":{"line":51,"column":29},"end":{"line":51,"column":50}},"32":{"start":{"line":52,"column":6},"end":{"line":52,"column":27}},"33":{"start":{"line":53,"column":6},"end":{"line":53,"column":18}},"34":{"start":{"line":55,"column":32},"end":{"line":55,"column":71}},"35":{"start":{"line":56,"column":6},"end":{"line":56,"column":55}},"36":{"start":{"line":56,"column":29},"end":{"line":56,"column":53}},"37":{"start":{"line":57,"column":6},"end":{"line":57,"column":27}},"38":{"start":{"line":58,"column":6},"end":{"line":58,"column":18}},"39":{"start":{"line":62,"column":24},"end":{"line":70,"column":3}},"40":{"start":{"line":63,"column":4},"end":{"line":63,"column":19}},"41":{"start":{"line":64,"column":4},"end":{"line":69,"column":5}},"42":{"start":{"line":65,"column":6},"end":{"line":65,"column":28}},"43":{"start":{"line":66,"column":6},"end":{"line":66,"column":73}},"44":{"start":{"line":66,"column":29},"end":{"line":66,"column":71}},"45":{"start":{"line":66,"column":55},"end":{"line":66,"column":70}},"46":{"start":{"line":68,"column":6},"end":{"line":68,"column":73}},"47":{"start":{"line":68,"column":29},"end":{"line":68,"column":71}},"48":{"start":{"line":68,"column":55},"end":{"line":68,"column":70}},"49":{"start":{"line":72,"column":2},"end":{"line":72,"column":64}}},"fnMap":{"0":{"name":"(anonymous_0)","decl":{"start":{"line":11,"column":23},"end":{"line":11,"column":24}},"loc":{"start":{"line":11,"column":43},"end":{"line":11,"column":69}},"line":11},"1":{"name":"useGastos","decl":{"start":{"line":13,"column":16},"end":{"line":13,"column":25}},"loc":{"start":{"line":13,"column":28},"end":{"line":73,"column":1}},"line":13},"2":{"name":"(anonymous_2)","decl":{"start":{"line":19,"column":12},"end":{"line":19,"column":13}},"loc":{"start":{"line":19,"column":18},"end":{"line":40,"column":3}},"line":19},"3":{"name":"(anonymous_3)","decl":{"start":{"line":20,"column":17},"end":{"line":20,"column":18}},"loc":{"start":{"line":20,"column":29},"end":{"line":38,"column":5}},"line":20},"4":{"name":"(anonymous_4)","decl":{"start":{"line":36,"column":18},"end":{"line":36,"column":19}},"loc":{"start":{"line":36,"column":32},"end":{"line":36,"column":70}},"line":36},"5":{"name":"(anonymous_5)","decl":{"start":{"line":42,"column":12},"end":{"line":42,"column":13}},"loc":{"start":{"line":42,"column":18},"end":{"line":45,"column":3}},"line":42},"6":{"name":"(anonymous_6)","decl":{"start":{"line":44,"column":68},"end":{"line":44,"column":69}},"loc":{"start":{"line":44,"column":74},"end":{"line":44,"column":76}},"line":44},"7":{"name":"(anonymous_7)","decl":{"start":{"line":47,"column":23},"end":{"line":47,"column":24}},"loc":{"start":{"line":47,"column":52},"end":{"line":60,"column":3}},"line":47},"8":{"name":"(anonymous_8)","decl":{"start":{"line":51,"column":16},"end":{"line":51,"column":17}},"loc":{"start":{"line":51,"column":29},"end":{"line":51,"column":50}},"line":51},"9":{"name":"(anonymous_9)","decl":{"start":{"line":56,"column":16},"end":{"line":56,"column":17}},"loc":{"start":{"line":56,"column":29},"end":{"line":56,"column":53}},"line":56},"10":{"name":"(anonymous_10)","decl":{"start":{"line":62,"column":24},"end":{"line":62,"column":25}},"loc":{"start":{"line":62,"column":46},"end":{"line":70,"column":3}},"line":62},"11":{"name":"(anonymous_11)","decl":{"start":{"line":66,"column":16},"end":{"line":66,"column":17}},"loc":{"start":{"line":66,"column":29},"end":{"line":66,"column":71}},"line":66},"12":{"name":"(anonymous_12)","decl":{"start":{"line":66,"column":44},"end":{"line":66,"column":45}},"loc":{"start":{"line":66,"column":55},"end":{"line":66,"column":70}},"line":66},"13":{"name":"(anonymous_13)","decl":{"start":{"line":68,"column":16},"end":{"line":68,"column":17}},"loc":{"start":{"line":68,"column":29},"end":{"line":68,"column":71}},"line":68},"14":{"name":"(anonymous_14)","decl":{"start":{"line":68,"column":44},"end":{"line":68,"column":45}},"loc":{"start":{"line":68,"column":55},"end":{"line":68,"column":70}},"line":68}},"branchMap":{"0":{"loc":{"start":{"line":24,"column":8},"end":{"line":24,"column":45}},"type":"if","locations":[{"start":{"line":24,"column":8},"end":{"line":24,"column":45}},{"start":{},"end":{}}],"line":24},"1":{"loc":{"start":{"line":36,"column":32},"end":{"line":36,"column":70}},"type":"cond-expr","locations":[{"start":{"line":36,"column":54},"end":{"line":36,"column":61}},{"start":{"line":36,"column":64},"end":{"line":36,"column":70}}],"line":36},"2":{"loc":{"start":{"line":43,"column":4},"end":{"line":43,"column":32}},"type":"if","locations":[{"start":{"line":43,"column":4},"end":{"line":43,"column":32}},{"start":{},"end":{}}],"line":43}},"s":{"0":0,"1":0,"2":0,"3":0,"4":0,"5":0,"6":0,"7":0,"8":0,"9":0,"10":0,"11":0,"12":0,"13":0,"14":0,"15":0,"16":0,"17":0,"18":0,"19":0,"20":0,"21":0,"22":0,"23":0,"24":0,"25":0,"26":0,"27":0,"28":0,"29":0,"30":0,"31":0,"32":0,"33":0,"34":0,"35":0,"36":0,"37":0,"38":0,"39":0,"40":0,"41":0,"42":0,"43":0,"44":0,"45":0,"46":0,"47":0,"48":0,"49":0},"f":{"0":0,"1":0,"2":0,"3":0,"4":0,"5":0,"6":0,"7":0,"8":0,"9":0,"10":0,"11":0,"12":0,"13":0,"14":0},"b":{"0":[0,0],"1":[0,0],"2":[0,0]}}
,"C:\\Users\\Mildret\\Desktop\\act3\\src\\hooks\\useTaskList.ts": {"path":"C:\\Users\\Mildret\\Desktop\\act3\\src\\hooks\\useTaskList.ts","statementMap":{"0":{"start":{"line":5,"column":28},"end":{"line":5,"column":58}},"1":{"start":{"line":6,"column":28},"end":{"line":6,"column":57}},"2":{"start":{"line":8,"column":18},"end":{"line":20,"column":3}},"3":{"start":{"line":9,"column":4},"end":{"line":12,"column":5}},"4":{"start":{"line":10,"column":6},"end":{"line":10,"column":49}},"5":{"start":{"line":11,"column":6},"end":{"line":11,"column":13}},"6":{"start":{"line":13,"column":4},"end":{"line":13,"column":19}},"7":{"start":{"line":14,"column":26},"end":{"line":18,"column":5}},"8":{"start":{"line":19,"column":4},"end":{"line":19,"column":43}},"9":{"start":{"line":19,"column":23},"end":{"line":19,"column":41}},"10":{"start":{"line":22,"column":21},"end":{"line":24,"column":3}},"11":{"start":{"line":23,"column":4},"end":{"line":23,"column":62}},"12":{"start":{"line":23,"column":23},"end":{"line":23,"column":60}},"13":{"start":{"line":23,"column":45},"end":{"line":23,"column":59}},"14":{"start":{"line":26,"column":20},"end":{"line":26,"column":32}},"15":{"start":{"line":28,"column":2},"end":{"line":28,"column":58}}},"fnMap":{"0":{"name":"useTaskList","decl":{"start":{"line":4,"column":16},"end":{"line":4,"column":27}},"loc":{"start":{"line":4,"column":55},"end":{"line":29,"column":1}},"line":4},"1":{"name":"(anonymous_1)","decl":{"start":{"line":8,"column":18},"end":{"line":8,"column":19}},"loc":{"start":{"line":8,"column":37},"end":{"line":20,"column":3}},"line":8},"2":{"name":"(anonymous_2)","decl":{"start":{"line":19,"column":13},"end":{"line":19,"column":14}},"loc":{"start":{"line":19,"column":23},"end":{"line":19,"column":41}},"line":19},"3":{"name":"(anonymous_3)","decl":{"start":{"line":22,"column":21},"end":{"line":22,"column":22}},"loc":{"start":{"line":22,"column":37},"end":{"line":24,"column":3}},"line":22},"4":{"name":"(anonymous_4)","decl":{"start":{"line":23,"column":13},"end":{"line":23,"column":14}},"loc":{"start":{"line":23,"column":23},"end":{"line":23,"column":60}},"line":23},"5":{"name":"(anonymous_5)","decl":{"start":{"line":23,"column":35},"end":{"line":23,"column":36}},"loc":{"start":{"line":23,"column":45},"end":{"line":23,"column":59}},"line":23}},"branchMap":{"0":{"loc":{"start":{"line":4,"column":28},"end":{"line":4,"column":53}},"type":"default-arg","locations":[{"start":{"line":4,"column":51},"end":{"line":4,"column":53}}],"line":4},"1":{"loc":{"start":{"line":9,"column":4},"end":{"line":12,"column":5}},"type":"if","locations":[{"start":{"line":9,"column":4},"end":{"line":12,"column":5}},{"start":{},"end":{}}],"line":9}},"s":{"0":0,"1":0,"2":0,"3":0,"4":0,"5":0,"6":0,"7":0,"8":0,"9":0,"10":0,"11":0,"12":0,"13":0,"14":0,"15":0},"f":{"0":0,"1":0,"2":0,"3":0,"4":0,"5":0},"b":{"0":[0],"1":[0,0]}}
,"C:\\Users\\Mildret\\Desktop\\act3\\src\\schemas\\checkoutSchema.ts": {"path":"C:\\Users\\Mildret\\Desktop\\act3\\src\\schemas\\checkoutSchema.ts","statementMap":{"0":{"start":{"line":4,"column":20},"end":{"line":4,"column":38}},"1":{"start":{"line":5,"column":21},"end":{"line":5,"column":28}},"2":{"start":{"line":6,"column":14},"end":{"line":6,"column":40}},"3":{"start":{"line":8,"column":30},"end":{"line":15,"column":2}},"4":{"start":{"line":21,"column":17},"end":{"line":21,"column":49}},"5":{"start":{"line":22,"column":2},"end":{"line":22,"column":32}},"6":{"start":{"line":22,"column":22},"end":{"line":22,"column":32}},"7":{"start":{"line":23,"column":2},"end":{"line":25,"column":4}},"8":{"start":{"line":24,"column":78},"end":{"line":24,"column":96}}},"fnMap":{"0":{"name":"validateCheckout","decl":{"start":{"line":20,"column":16},"end":{"line":20,"column":32}},"loc":{"start":{"line":20,"column":106},"end":{"line":26,"column":1}},"line":20},"1":{"name":"(anonymous_1)","decl":{"start":{"line":24,"column":59},"end":{"line":24,"column":60}},"loc":{"start":{"line":24,"column":78},"end":{"line":24,"column":96}},"line":24}},"branchMap":{"0":{"loc":{"start":{"line":22,"column":2},"end":{"line":22,"column":32}},"type":"if","locations":[{"start":{"line":22,"column":2},"end":{"line":22,"column":32}},{"start":{},"end":{}}],"line":22}},"s":{"0":0,"1":0,"2":0,"3":0,"4":0,"5":0,"6":0,"7":0,"8":0},"f":{"0":0,"1":0},"b":{"0":[0,0]}}
,"C:\\Users\\Mildret\\Desktop\\act3\\src\\schemas\\gastoApiSchema.ts": {"path":"C:\\Users\\Mildret\\Desktop\\act3\\src\\schemas\\gastoApiSchema.ts","statementMap":{"0":{"start":{"line":25,"column":37},"end":{"line":67,"column":1}},"1":{"start":{"line":33,"column":19},"end":{"line":33,"column":41}},"2":{"start":{"line":49,"column":23},"end":{"line":49,"column":38}},"3":{"start":{"line":50,"column":10},"end":{"line":50,"column":64}},"4":{"start":{"line":56,"column":23},"end":{"line":56,"column":52}},"5":{"start":{"line":57,"column":24},"end":{"line":57,"column":34}},"6":{"start":{"line":58,"column":10},"end":{"line":58,"column":37}},"7":{"start":{"line":59,"column":10},"end":{"line":59,"column":31}},"8":{"start":{"line":77,"column":39},"end":{"line":82,"column":47}},"9":{"start":{"line":88,"column":43},"end":{"line":102,"column":1}},"10":{"start":{"line":112,"column":39},"end":{"line":153,"column":1}},"11":{"start":{"line":119,"column":19},"end":{"line":119,"column":41}},"12":{"start":{"line":135,"column":23},"end":{"line":135,"column":38}},"13":{"start":{"line":136,"column":10},"end":{"line":136,"column":64}},"14":{"start":{"line":142,"column":23},"end":{"line":142,"column":52}},"15":{"start":{"line":143,"column":24},"end":{"line":143,"column":34}},"16":{"start":{"line":144,"column":10},"end":{"line":144,"column":37}},"17":{"start":{"line":145,"column":10},"end":{"line":145,"column":31}},"18":{"start":{"line":159,"column":42},"end":{"line":167,"column":1}},"19":{"start":{"line":177,"column":43},"end":{"line":186,"column":1}},"20":{"start":{"line":195,"column":38},"end":{"line":207,"column":1}},"21":{"start":{"line":212,"column":37},"end":{"line":228,"column":1}},"22":{"start":{"line":233,"column":39},"end":{"line":243,"column":1}},"23":{"start":{"line":248,"column":35},"end":{"line":259,"column":1}},"24":{"start":{"line":275,"column":17},"end":{"line":275,"column":39}},"25":{"start":{"line":276,"column":2},"end":{"line":278,"column":3}},"26":{"start":{"line":277,"column":4},"end":{"line":277,"column":48}},"27":{"start":{"line":280,"column":41},"end":{"line":280,"column":43}},"28":{"start":{"line":281,"column":2},"end":{"line":284,"column":5}},"29":{"start":{"line":282,"column":17},"end":{"line":282,"column":37}},"30":{"start":{"line":283,"column":4},"end":{"line":283,"column":33}},"31":{"start":{"line":286,"column":2},"end":{"line":286,"column":36}},"32":{"start":{"line":296,"column":17},"end":{"line":296,"column":55}},"33":{"start":{"line":297,"column":2},"end":{"line":302,"column":3}},"34":{"start":{"line":298,"column":19},"end":{"line":300,"column":17}},"35":{"start":{"line":299,"column":18},"end":{"line":299,"column":53}},"36":{"start":{"line":301,"column":4},"end":{"line":301,"column":57}}},"fnMap":{"0":{"name":"(anonymous_0)","decl":{"start":{"line":33,"column":8},"end":{"line":33,"column":9}},"loc":{"start":{"line":33,"column":19},"end":{"line":33,"column":41}},"line":33},"1":{"name":"(anonymous_1)","decl":{"start":{"line":48,"column":8},"end":{"line":48,"column":9}},"loc":{"start":{"line":48,"column":19},"end":{"line":51,"column":9}},"line":48},"2":{"name":"(anonymous_2)","decl":{"start":{"line":55,"column":8},"end":{"line":55,"column":9}},"loc":{"start":{"line":55,"column":19},"end":{"line":60,"column":9}},"line":55},"3":{"name":"(anonymous_3)","decl":{"start":{"line":119,"column":8},"end":{"line":119,"column":9}},"loc":{"start":{"line":119,"column":19},"end":{"line":119,"column":41}},"line":119},"4":{"name":"(anonymous_4)","decl":{"start":{"line":134,"column":8},"end":{"line":134,"column":9}},"loc":{"start":{"line":134,"column":19},"end":{"line":137,"column":9}},"line":134},"5":{"name":"(anonymous_5)","decl":{"start":{"line":141,"column":8},"end":{"line":141,"column":9}},"loc":{"start":{"line":141,"column":19},"end":{"line":146,"column":9}},"line":141},"6":{"name":"validateGastoResponse","decl":{"start":{"line":271,"column":16},"end":{"line":271,"column":37}},"loc":{"start":{"line":274,"column":67},"end":{"line":287,"column":1}},"line":274},"7":{"name":"(anonymous_7)","decl":{"start":{"line":281,"column":30},"end":{"line":281,"column":31}},"loc":{"start":{"line":281,"column":41},"end":{"line":284,"column":3}},"line":281},"8":{"name":"assertGastoApiContract","decl":{"start":{"line":292,"column":16},"end":{"line":292,"column":38}},"loc":{"start":{"line":295,"column":49},"end":{"line":303,"column":1}},"line":295},"9":{"name":"(anonymous_9)","decl":{"start":{"line":299,"column":11},"end":{"line":299,"column":12}},"loc":{"start":{"line":299,"column":18},"end":{"line":299,"column":53}},"line":299}},"branchMap":{"0":{"loc":{"start":{"line":50,"column":17},"end":{"line":50,"column":63}},"type":"binary-expr","locations":[{"start":{"line":50,"column":17},"end":{"line":50,"column":37}},{"start":{"line":50,"column":41},"end":{"line":50,"column":63}}],"line":50},"1":{"loc":{"start":{"line":136,"column":17},"end":{"line":136,"column":63}},"type":"binary-expr","locations":[{"start":{"line":136,"column":17},"end":{"line":136,"column":37}},{"start":{"line":136,"column":41},"end":{"line":136,"column":63}}],"line":136},"2":{"loc":{"start":{"line":276,"column":2},"end":{"line":278,"column":3}},"type":"if","locations":[{"start":{"line":276,"column":2},"end":{"line":278,"column":3}},{"start":{},"end":{}}],"line":276},"3":{"loc":{"start":{"line":297,"column":2},"end":{"line":302,"column":3}},"type":"if","locations":[{"start":{"line":297,"column":2},"end":{"line":302,"column":3}},{"start":{},"end":{}}],"line":297}},"s":{"0":1,"1":24,"2":24,"3":24,"4":24,"5":24,"6":24,"7":24,"8":1,"9":1,"10":1,"11":3,"12":4,"13":4,"14":4,"15":4,"16":4,"17":4,"18":1,"19":1,"20":1,"21":1,"22":1,"23":1,"24":2,"25":2,"26":1,"27":1,"28":1,"29":4,"30":4,"31":1,"32":2,"33":2,"34":1,"35":1,"36":1},"f":{"0":24,"1":24,"2":24,"3":3,"4":4,"5":4,"6":2,"7":4,"8":2,"9":1},"b":{"0":[24,24],"1":[4,4],"2":[1,1],"3":[1,1]},"_coverageSchema":"1a1c01bbd47fc00a2c39e90264f33305004495a9","hash":"8604c26c7afba61161d8bd019b2b6389bd67ce9c"}
,"C:\\Users\\Mildret\\Desktop\\act3\\src\\schemas\\gastoSchema.ts": {"path":"C:\\Users\\Mildret\\Desktop\\act3\\src\\schemas\\gastoSchema.ts","statementMap":{"0":{"start":{"line":3,"column":32},"end":{"line":3,"column":82}},"1":{"start":{"line":5,"column":27},"end":{"line":10,"column":2}},"2":{"start":{"line":20,"column":17},"end":{"line":20,"column":46}},"3":{"start":{"line":21,"column":2},"end":{"line":21,"column":32}},"4":{"start":{"line":21,"column":22},"end":{"line":21,"column":32}},"5":{"start":{"line":22,"column":2},"end":{"line":24,"column":4}},"6":{"start":{"line":23,"column":82},"end":{"line":23,"column":104}}},"fnMap":{"0":{"name":"validateGasto","decl":{"start":{"line":19,"column":16},"end":{"line":19,"column":29}},"loc":{"start":{"line":19,"column":103},"end":{"line":25,"column":1}},"line":19},"1":{"name":"(anonymous_1)","decl":{"start":{"line":23,"column":59},"end":{"line":23,"column":60}},"loc":{"start":{"line":23,"column":82},"end":{"line":23,"column":104}},"line":23}},"branchMap":{"0":{"loc":{"start":{"line":21,"column":2},"end":{"line":21,"column":32}},"type":"if","locations":[{"start":{"line":21,"column":2},"end":{"line":21,"column":32}},{"start":{},"end":{}}],"line":21}},"s":{"0":0,"1":0,"2":0,"3":0,"4":0,"5":0,"6":0},"f":{"0":0,"1":0},"b":{"0":[0,0]}}
,"C:\\Users\\Mildret\\Desktop\\act3\\src\\schemas\\taskSchema.ts": {"path":"C:\\Users\\Mildret\\Desktop\\act3\\src\\schemas\\taskSchema.ts","statementMap":{"0":{"start":{"line":3,"column":26},"end":{"line":8,"column":2}},"1":{"start":{"line":10,"column":30},"end":{"line":10,"column":49}}},"fnMap":{},"branchMap":{},"s":{"0":0,"1":0},"f":{},"b":{}}
,"C:\\Users\\Mildret\\Desktop\\act3\\src\\screens\\CheckoutScreen.tsx": {"path":"C:\\Users\\Mildret\\Desktop\\act3\\src\\screens\\CheckoutScreen.tsx","statementMap":{"0":{"start":{"line":10,"column":28},"end":{"line":10,"column":67}},"1":{"start":{"line":11,"column":36},"end":{"line":11,"column":83}},"2":{"start":{"line":12,"column":34},"end":{"line":12,"column":94}},"3":{"start":{"line":14,"column":18},"end":{"line":15,"column":81}},"4":{"start":{"line":15,"column":2},"end":{"line":15,"column":81}},"5":{"start":{"line":15,"column":22},"end":{"line":15,"column":80}},"6":{"start":{"line":15,"column":52},"end":{"line":15,"column":79}},"7":{"start":{"line":18,"column":17},"end":{"line":18,"column":36}},"8":{"start":{"line":19,"column":26},"end":{"line":19,"column":45}},"9":{"start":{"line":20,"column":34},"end":{"line":20,"column":57}},"10":{"start":{"line":21,"column":32},"end":{"line":21,"column":54}},"11":{"start":{"line":22,"column":30},"end":{"line":22,"column":76}},"12":{"start":{"line":23,"column":30},"end":{"line":23,"column":78}},"13":{"start":{"line":25,"column":17},"end":{"line":35,"column":3}},"14":{"start":{"line":26,"column":4},"end":{"line":30,"column":5}},"15":{"start":{"line":27,"column":6},"end":{"line":27,"column":20}},"16":{"start":{"line":28,"column":6},"end":{"line":28,"column":25}},"17":{"start":{"line":29,"column":6},"end":{"line":29,"column":13}},"18":{"start":{"line":32,"column":18},"end":{"line":32,"column":72}},"19":{"start":{"line":33,"column":4},"end":{"line":33,"column":21}},"20":{"start":{"line":34,"column":4},"end":{"line":34,"column":66}},"21":{"start":{"line":37,"column":2},"end":{"line":93,"column":4}},"22":{"start":{"line":49,"column":28},"end":{"line":49,"column":62}},"23":{"start":{"line":49,"column":44},"end":{"line":49,"column":60}},"24":{"start":{"line":54,"column":28},"end":{"line":54,"column":66}},"25":{"start":{"line":54,"column":48},"end":{"line":54,"column":64}},"26":{"start":{"line":59,"column":28},"end":{"line":59,"column":65}},"27":{"start":{"line":59,"column":47},"end":{"line":59,"column":63}},"28":{"start":{"line":86,"column":36},"end":{"line":86,"column":54}}},"fnMap":{"0":{"name":"(anonymous_0)","decl":{"start":{"line":14,"column":18},"end":{"line":14,"column":19}},"loc":{"start":{"line":15,"column":2},"end":{"line":15,"column":81}},"line":15},"1":{"name":"(anonymous_1)","decl":{"start":{"line":15,"column":15},"end":{"line":15,"column":16}},"loc":{"start":{"line":15,"column":22},"end":{"line":15,"column":80}},"line":15},"2":{"name":"(anonymous_2)","decl":{"start":{"line":15,"column":45},"end":{"line":15,"column":46}},"loc":{"start":{"line":15,"column":52},"end":{"line":15,"column":79}},"line":15},"3":{"name":"CheckoutScreen","decl":{"start":{"line":17,"column":16},"end":{"line":17,"column":30}},"loc":{"start":{"line":17,"column":33},"end":{"line":94,"column":1}},"line":17},"4":{"name":"(anonymous_4)","decl":{"start":{"line":25,"column":17},"end":{"line":25,"column":18}},"loc":{"start":{"line":25,"column":23},"end":{"line":35,"column":3}},"line":25},"5":{"name":"(anonymous_5)","decl":{"start":{"line":49,"column":18},"end":{"line":49,"column":19}},"loc":{"start":{"line":49,"column":28},"end":{"line":49,"column":62}},"line":49},"6":{"name":"(anonymous_6)","decl":{"start":{"line":49,"column":36},"end":{"line":49,"column":37}},"loc":{"start":{"line":49,"column":44},"end":{"line":49,"column":60}},"line":49},"7":{"name":"(anonymous_7)","decl":{"start":{"line":54,"column":18},"end":{"line":54,"column":19}},"loc":{"start":{"line":54,"column":28},"end":{"line":54,"column":66}},"line":54},"8":{"name":"(anonymous_8)","decl":{"start":{"line":54,"column":40},"end":{"line":54,"column":41}},"loc":{"start":{"line":54,"column":48},"end":{"line":54,"column":64}},"line":54},"9":{"name":"(anonymous_9)","decl":{"start":{"line":59,"column":18},"end":{"line":59,"column":19}},"loc":{"start":{"line":59,"column":28},"end":{"line":59,"column":65}},"line":59},"10":{"name":"(anonymous_10)","decl":{"start":{"line":59,"column":39},"end":{"line":59,"column":40}},"loc":{"start":{"line":59,"column":47},"end":{"line":59,"column":63}},"line":59},"11":{"name":"(anonymous_11)","decl":{"start":{"line":86,"column":30},"end":{"line":86,"column":31}},"loc":{"start":{"line":86,"column":36},"end":{"line":86,"column":54}},"line":86}},"branchMap":{"0":{"loc":{"start":{"line":26,"column":4},"end":{"line":30,"column":5}},"type":"if","locations":[{"start":{"line":26,"column":4},"end":{"line":30,"column":5}},{"start":{},"end":{}}],"line":26},"1":{"loc":{"start":{"line":34,"column":14},"end":{"line":34,"column":64}},"type":"cond-expr","locations":[{"start":{"line":34,"column":46},"end":{"line":34,"column":52}},{"start":{"line":34,"column":55},"end":{"line":34,"column":64}}],"line":34},"2":{"loc":{"start":{"line":62,"column":7},"end":{"line":66,"column":7}},"type":"binary-expr","locations":[{"start":{"line":62,"column":7},"end":{"line":62,"column":25}},{"start":{"line":63,"column":8},"end":{"line":65,"column":15}}],"line":62},"3":{"loc":{"start":{"line":67,"column":7},"end":{"line":71,"column":7}},"type":"binary-expr","locations":[{"start":{"line":67,"column":7},"end":{"line":67,"column":27}},{"start":{"line":68,"column":8},"end":{"line":70,"column":15}}],"line":67},"4":{"loc":{"start":{"line":83,"column":5},"end":{"line":91,"column":5}},"type":"binary-expr","locations":[{"start":{"line":83,"column":5},"end":{"line":83,"column":26}},{"start":{"line":84,"column":6},"end":{"line":90,"column":27}}],"line":83}},"s":{"0":0,"1":0,"2":0,"3":0,"4":0,"5":0,"6":0,"7":0,"8":0,"9":0,"10":0,"11":0,"12":0,"13":0,"14":0,"15":0,"16":0,"17":0,"18":0,"19":0,"20":0,"21":0,"22":0,"23":0,"24":0,"25":0,"26":0,"27":0,"28":0},"f":{"0":0,"1":0,"2":0,"3":0,"4":0,"5":0,"6":0,"7":0,"8":0,"9":0,"10":0,"11":0},"b":{"0":[0,0],"1":[0,0],"2":[0,0],"3":[0,0],"4":[0,0]}}
,"C:\\Users\\Mildret\\Desktop\\act3\\src\\screens\\ControlGastosScreen.tsx": {"path":"C:\\Users\\Mildret\\Desktop\\act3\\src\\screens\\ControlGastosScreen.tsx","statementMap":{"0":{"start":{"line":9,"column":58},"end":{"line":13,"column":1}},"1":{"start":{"line":16,"column":17},"end":{"line":16,"column":36}},"2":{"start":{"line":17,"column":65},"end":{"line":17,"column":76}},"3":{"start":{"line":18,"column":30},"end":{"line":18,"column":59}},"4":{"start":{"line":19,"column":24},"end":{"line":19,"column":52}},"5":{"start":{"line":21,"column":2},"end":{"line":62,"column":4}},"6":{"start":{"line":44,"column":27},"end":{"line":44,"column":48}},"7":{"start":{"line":45,"column":10},"end":{"line":57,"column":12}},"8":{"start":{"line":48,"column":29},"end":{"line":48,"column":50}}},"fnMap":{"0":{"name":"ControlGastosScreen","decl":{"start":{"line":15,"column":16},"end":{"line":15,"column":35}},"loc":{"start":{"line":15,"column":38},"end":{"line":63,"column":1}},"line":15},"1":{"name":"(anonymous_1)","decl":{"start":{"line":43,"column":21},"end":{"line":43,"column":22}},"loc":{"start":{"line":43,"column":31},"end":{"line":58,"column":9}},"line":43},"2":{"name":"(anonymous_2)","decl":{"start":{"line":48,"column":23},"end":{"line":48,"column":24}},"loc":{"start":{"line":48,"column":29},"end":{"line":48,"column":50}},"line":48}},"branchMap":{"0":{"loc":{"start":{"line":30,"column":7},"end":{"line":34,"column":7}},"type":"binary-expr","locations":[{"start":{"line":30,"column":7},"end":{"line":30,"column":27}},{"start":{"line":31,"column":8},"end":{"line":33,"column":15}}],"line":30},"1":{"loc":{"start":{"line":35,"column":7},"end":{"line":37,"column":7}},"type":"binary-expr","locations":[{"start":{"line":35,"column":7},"end":{"line":35,"column":12}},{"start":{"line":36,"column":8},"end":{"line":36,"column":105}}],"line":35},"2":{"loc":{"start":{"line":51,"column":51},"end":{"line":51,"column":93}},"type":"cond-expr","locations":[{"start":{"line":51,"column":62},"end":{"line":51,"column":77}},{"start":{"line":51,"column":80},"end":{"line":51,"column":93}}],"line":51},"3":{"loc":{"start":{"line":53,"column":54},"end":{"line":53,"column":95}},"type":"cond-expr","locations":[{"start":{"line":53,"column":65},"end":{"line":53,"column":77}},{"start":{"line":53,"column":80},"end":{"line":53,"column":95}}],"line":53}},"s":{"0":0,"1":0,"2":0,"3":0,"4":0,"5":0,"6":0,"7":0,"8":0},"f":{"0":0,"1":0,"2":0},"b":{"0":[0,0],"1":[0,0],"2":[0,0],"3":[0,0]}}
,"C:\\Users\\Mildret\\Desktop\\act3\\src\\screens\\CreateTaskScreen.tsx": {"path":"C:\\Users\\Mildret\\Desktop\\act3\\src\\screens\\CreateTaskScreen.tsx","statementMap":{"0":{"start":{"line":10,"column":58},"end":{"line":14,"column":1}},"1":{"start":{"line":17,"column":60},"end":{"line":17,"column":75}},"2":{"start":{"line":18,"column":17},"end":{"line":18,"column":36}},"3":{"start":{"line":19,"column":44},"end":{"line":19,"column":73}},"4":{"start":{"line":20,"column":30},"end":{"line":20,"column":59}},"5":{"start":{"line":22,"column":22},"end":{"line":22,"column":63}},"6":{"start":{"line":22,"column":40},"end":{"line":22,"column":62}},"7":{"start":{"line":23,"column":23},"end":{"line":23,"column":57}},"8":{"start":{"line":25,"column":2},"end":{"line":66,"column":4}},"9":{"start":{"line":39,"column":25},"end":{"line":39,"column":43}},"10":{"start":{"line":40,"column":10},"end":{"line":52,"column":12}},"11":{"start":{"line":43,"column":29},"end":{"line":43,"column":47}},"12":{"start":{"line":59,"column":24},"end":{"line":59,"column":46}},"13":{"start":{"line":61,"column":10},"end":{"line":61,"column":55}},"14":{"start":{"line":61,"column":29},"end":{"line":61,"column":55}},"15":{"start":{"line":62,"column":10},"end":{"line":62,"column":33}}},"fnMap":{"0":{"name":"CreateTaskScreen","decl":{"start":{"line":16,"column":16},"end":{"line":16,"column":32}},"loc":{"start":{"line":16,"column":35},"end":{"line":67,"column":1}},"line":16},"1":{"name":"(anonymous_1)","decl":{"start":{"line":22,"column":33},"end":{"line":22,"column":34}},"loc":{"start":{"line":22,"column":40},"end":{"line":22,"column":62}},"line":22},"2":{"name":"(anonymous_2)","decl":{"start":{"line":38,"column":21},"end":{"line":38,"column":22}},"loc":{"start":{"line":38,"column":28},"end":{"line":53,"column":9}},"line":38},"3":{"name":"(anonymous_3)","decl":{"start":{"line":43,"column":23},"end":{"line":43,"column":24}},"loc":{"start":{"line":43,"column":29},"end":{"line":43,"column":47}},"line":43},"4":{"name":"(anonymous_4)","decl":{"start":{"line":59,"column":18},"end":{"line":59,"column":19}},"loc":{"start":{"line":59,"column":24},"end":{"line":59,"column":46}},"line":59},"5":{"name":"(anonymous_5)","decl":{"start":{"line":60,"column":19},"end":{"line":60,"column":20}},"loc":{"start":{"line":60,"column":25},"end":{"line":63,"column":9}},"line":60}},"branchMap":{"0":{"loc":{"start":{"line":32,"column":7},"end":{"line":36,"column":7}},"type":"binary-expr","locations":[{"start":{"line":32,"column":7},"end":{"line":32,"column":27}},{"start":{"line":33,"column":8},"end":{"line":35,"column":15}}],"line":32},"1":{"loc":{"start":{"line":46,"column":51},"end":{"line":46,"column":89}},"type":"cond-expr","locations":[{"start":{"line":46,"column":60},"end":{"line":46,"column":73}},{"start":{"line":46,"column":76},"end":{"line":46,"column":89}}],"line":46},"2":{"loc":{"start":{"line":48,"column":54},"end":{"line":48,"column":93}},"type":"cond-expr","locations":[{"start":{"line":48,"column":63},"end":{"line":48,"column":75}},{"start":{"line":48,"column":78},"end":{"line":48,"column":93}}],"line":48},"3":{"loc":{"start":{"line":61,"column":10},"end":{"line":61,"column":55}},"type":"if","locations":[{"start":{"line":61,"column":10},"end":{"line":61,"column":55}},{"start":{},"end":{}}],"line":61}},"s":{"0":0,"1":0,"2":0,"3":0,"4":0,"5":0,"6":0,"7":0,"8":0,"9":0,"10":0,"11":0,"12":0,"13":0,"14":0,"15":0},"f":{"0":0,"1":0,"2":0,"3":0,"4":0,"5":0},"b":{"0":[0,0],"1":[0,0],"2":[0,0],"3":[0,0]}}
,"C:\\Users\\Mildret\\Desktop\\act3\\src\\screens\\HomeScreen.tsx": {"path":"C:\\Users\\Mildret\\Desktop\\act3\\src\\screens\\HomeScreen.tsx","statementMap":{"0":{"start":{"line":6,"column":92},"end":{"line":25,"column":1}},"1":{"start":{"line":28,"column":17},"end":{"line":28,"column":36}},"2":{"start":{"line":30,"column":2},"end":{"line":49,"column":4}},"3":{"start":{"line":37,"column":8},"end":{"line":46,"column":15}}},"fnMap":{"0":{"name":"HomeScreen","decl":{"start":{"line":27,"column":16},"end":{"line":27,"column":26}},"loc":{"start":{"line":27,"column":29},"end":{"line":50,"column":1}},"line":27},"1":{"name":"(anonymous_1)","decl":{"start":{"line":36,"column":19},"end":{"line":36,"column":20}},"loc":{"start":{"line":37,"column":8},"end":{"line":46,"column":15}},"line":37}},"branchMap":{},"s":{"0":0,"1":0,"2":0,"3":0},"f":{"0":0,"1":0},"b":{}}
,"C:\\Users\\Mildret\\Desktop\\act3\\src\\services\\gastoService.ts": {"path":"C:\\Users\\Mildret\\Desktop\\act3\\src\\services\\gastoService.ts","statementMap":{"0":{"start":{"line":3,"column":16},"end":{"line":3,"column":45}},"1":{"start":{"line":8,"column":14},"end":{"line":8,"column":46}},"2":{"start":{"line":9,"column":2},"end":{"line":9,"column":62}},"3":{"start":{"line":9,"column":15},"end":{"line":9,"column":62}},"4":{"start":{"line":10,"column":2},"end":{"line":10,"column":20}},"5":{"start":{"line":14,"column":14},"end":{"line":18,"column":4}},"6":{"start":{"line":19,"column":2},"end":{"line":19,"column":60}},"7":{"start":{"line":19,"column":15},"end":{"line":19,"column":60}},"8":{"start":{"line":20,"column":2},"end":{"line":20,"column":20}},"9":{"start":{"line":24,"column":14},"end":{"line":24,"column":74}},"10":{"start":{"line":25,"column":2},"end":{"line":25,"column":61}},"11":{"start":{"line":25,"column":15},"end":{"line":25,"column":61}}},"fnMap":{"0":{"name":"fetchGastos","decl":{"start":{"line":7,"column":22},"end":{"line":7,"column":33}},"loc":{"start":{"line":7,"column":54},"end":{"line":11,"column":1}},"line":7},"1":{"name":"createGasto","decl":{"start":{"line":13,"column":22},"end":{"line":13,"column":33}},"loc":{"start":{"line":13,"column":69},"end":{"line":21,"column":1}},"line":13},"2":{"name":"deleteGasto","decl":{"start":{"line":23,"column":22},"end":{"line":23,"column":33}},"loc":{"start":{"line":23,"column":61},"end":{"line":26,"column":1}},"line":23}},"branchMap":{"0":{"loc":{"start":{"line":9,"column":2},"end":{"line":9,"column":62}},"type":"if","locations":[{"start":{"line":9,"column":2},"end":{"line":9,"column":62}},{"start":{},"end":{}}],"line":9},"1":{"loc":{"start":{"line":19,"column":2},"end":{"line":19,"column":60}},"type":"if","locations":[{"start":{"line":19,"column":2},"end":{"line":19,"column":60}},{"start":{},"end":{}}],"line":19},"2":{"loc":{"start":{"line":25,"column":2},"end":{"line":25,"column":61}},"type":"if","locations":[{"start":{"line":25,"column":2},"end":{"line":25,"column":61}},{"start":{},"end":{}}],"line":25}},"s":{"0":0,"1":0,"2":0,"3":0,"4":0,"5":0,"6":0,"7":0,"8":0,"9":0,"10":0,"11":0},"f":{"0":0,"1":0,"2":0},"b":{"0":[0,0],"1":[0,0],"2":[0,0]}}
,"C:\\Users\\Mildret\\Desktop\\act3\\src\\services\\taskService.ts": {"path":"C:\\Users\\Mildret\\Desktop\\act3\\src\\services\\taskService.ts","statementMap":{"0":{"start":{"line":3,"column":16},"end":{"line":3,"column":45}},"1":{"start":{"line":6,"column":14},"end":{"line":6,"column":45}},"2":{"start":{"line":7,"column":2},"end":{"line":7,"column":62}},"3":{"start":{"line":7,"column":15},"end":{"line":7,"column":62}},"4":{"start":{"line":8,"column":2},"end":{"line":8,"column":20}},"5":{"start":{"line":12,"column":14},"end":{"line":16,"column":4}},"6":{"start":{"line":17,"column":2},"end":{"line":17,"column":58}},"7":{"start":{"line":17,"column":15},"end":{"line":17,"column":58}},"8":{"start":{"line":18,"column":2},"end":{"line":18,"column":20}}},"fnMap":{"0":{"name":"fetchTasks","decl":{"start":{"line":5,"column":22},"end":{"line":5,"column":32}},"loc":{"start":{"line":5,"column":52},"end":{"line":9,"column":1}},"line":5},"1":{"name":"createTask","decl":{"start":{"line":11,"column":22},"end":{"line":11,"column":32}},"loc":{"start":{"line":11,"column":63},"end":{"line":19,"column":1}},"line":11}},"branchMap":{"0":{"loc":{"start":{"line":7,"column":2},"end":{"line":7,"column":62}},"type":"if","locations":[{"start":{"line":7,"column":2},"end":{"line":7,"column":62}},{"start":{},"end":{}}],"line":7},"1":{"loc":{"start":{"line":17,"column":2},"end":{"line":17,"column":58}},"type":"if","locations":[{"start":{"line":17,"column":2},"end":{"line":17,"column":58}},{"start":{},"end":{}}],"line":17}},"s":{"0":0,"1":0,"2":0,"3":0,"4":0,"5":0,"6":0,"7":0,"8":0},"f":{"0":0,"1":0},"b":{"0":[0,0],"1":[0,0]}}
,"C:\\Users\\Mildret\\Desktop\\act3\\src\\utils\\filterGastos.ts": {"path":"C:\\Users\\Mildret\\Desktop\\act3\\src\\utils\\filterGastos.ts","statementMap":{"0":{"start":{"line":5,"column":20},"end":{"line":11,"column":1}},"1":{"start":{"line":6,"column":17},"end":{"line":6,"column":31}},"2":{"start":{"line":7,"column":14},"end":{"line":7,"column":34}},"3":{"start":{"line":8,"column":2},"end":{"line":8,"column":45}},"4":{"start":{"line":9,"column":2},"end":{"line":9,"column":30}},"5":{"start":{"line":10,"column":2},"end":{"line":10,"column":16}},"6":{"start":{"line":14,"column":2},"end":{"line":14,"column":38}},"7":{"start":{"line":14,"column":24},"end":{"line":14,"column":38}},"8":{"start":{"line":15,"column":20},"end":{"line":15,"column":38}},"9":{"start":{"line":16,"column":2},"end":{"line":20,"column":5}},"10":{"start":{"line":17,"column":18},"end":{"line":17,"column":53}},"11":{"start":{"line":18,"column":4},"end":{"line":18,"column":71}},"12":{"start":{"line":18,"column":27},"end":{"line":18,"column":71}},"13":{"start":{"line":19,"column":4},"end":{"line":19,"column":96}},"14":{"start":{"line":23,"column":27},"end":{"line":24,"column":57}},"15":{"start":{"line":24,"column":2},"end":{"line":24,"column":57}},"16":{"start":{"line":24,"column":34},"end":{"line":24,"column":53}}},"fnMap":{"0":{"name":"(anonymous_0)","decl":{"start":{"line":5,"column":20},"end":{"line":5,"column":21}},"loc":{"start":{"line":5,"column":36},"end":{"line":11,"column":1}},"line":5},"1":{"name":"filterGastos","decl":{"start":{"line":13,"column":16},"end":{"line":13,"column":28}},"loc":{"start":{"line":13,"column":97},"end":{"line":21,"column":1}},"line":13},"2":{"name":"(anonymous_2)","decl":{"start":{"line":16,"column":23},"end":{"line":16,"column":24}},"loc":{"start":{"line":16,"column":34},"end":{"line":20,"column":3}},"line":16},"3":{"name":"(anonymous_3)","decl":{"start":{"line":23,"column":27},"end":{"line":23,"column":28}},"loc":{"start":{"line":24,"column":2},"end":{"line":24,"column":57}},"line":24},"4":{"name":"(anonymous_4)","decl":{"start":{"line":24,"column":16},"end":{"line":24,"column":17}},"loc":{"start":{"line":24,"column":34},"end":{"line":24,"column":53}},"line":24}},"branchMap":{"0":{"loc":{"start":{"line":7,"column":14},"end":{"line":7,"column":34}},"type":"binary-expr","locations":[{"start":{"line":7,"column":14},"end":{"line":7,"column":29}},{"start":{"line":7,"column":33},"end":{"line":7,"column":34}}],"line":7},"1":{"loc":{"start":{"line":13,"column":68},"end":{"line":13,"column":86}},"type":"default-arg","locations":[{"start":{"line":13,"column":76},"end":{"line":13,"column":86}}],"line":13},"2":{"loc":{"start":{"line":14,"column":2},"end":{"line":14,"column":38}},"type":"if","locations":[{"start":{"line":14,"column":2},"end":{"line":14,"column":38}},{"start":{},"end":{}}],"line":14},"3":{"loc":{"start":{"line":18,"column":4},"end":{"line":18,"column":71}},"type":"if","locations":[{"start":{"line":18,"column":4},"end":{"line":18,"column":71}},{"start":{},"end":{}}],"line":18},"4":{"loc":{"start":{"line":18,"column":34},"end":{"line":18,"column":70}},"type":"binary-expr","locations":[{"start":{"line":18,"column":34},"end":{"line":18,"column":52}},{"start":{"line":18,"column":56},"end":{"line":18,"column":70}}],"line":18},"5":{"loc":{"start":{"line":19,"column":11},"end":{"line":19,"column":95}},"type":"binary-expr","locations":[{"start":{"line":19,"column":11},"end":{"line":19,"column":54}},{"start":{"line":19,"column":58},"end":{"line":19,"column":95}}],"line":19}},"s":{"0":0,"1":0,"2":0,"3":0,"4":0,"5":0,"6":0,"7":0,"8":0,"9":0,"10":0,"11":0,"12":0,"13":0,"14":0,"15":0,"16":0},"f":{"0":0,"1":0,"2":0,"3":0,"4":0},"b":{"0":[0,0],"1":[0],"2":[0,0],"3":[0,0],"4":[0,0],"5":[0,0]}}
,"C:\\Users\\Mildret\\Desktop\\act3\\src\\utils\\filterTasks.ts": {"path":"C:\\Users\\Mildret\\Desktop\\act3\\src\\utils\\filterTasks.ts","statementMap":{"0":{"start":{"line":5,"column":30},"end":{"line":5,"column":73}},"1":{"start":{"line":8,"column":2},"end":{"line":10,"column":3}},"2":{"start":{"line":9,"column":4},"end":{"line":9,"column":50}},"3":{"start":{"line":11,"column":2},"end":{"line":11,"column":37}},"4":{"start":{"line":11,"column":24},"end":{"line":11,"column":37}},"5":{"start":{"line":12,"column":2},"end":{"line":12,"column":50}},"6":{"start":{"line":12,"column":29},"end":{"line":12,"column":48}}},"fnMap":{"0":{"name":"filterTasksByStatus","decl":{"start":{"line":7,"column":16},"end":{"line":7,"column":35}},"loc":{"start":{"line":7,"column":81},"end":{"line":13,"column":1}},"line":7},"1":{"name":"(anonymous_1)","decl":{"start":{"line":12,"column":22},"end":{"line":12,"column":23}},"loc":{"start":{"line":12,"column":29},"end":{"line":12,"column":48}},"line":12}},"branchMap":{"0":{"loc":{"start":{"line":8,"column":2},"end":{"line":10,"column":3}},"type":"if","locations":[{"start":{"line":8,"column":2},"end":{"line":10,"column":3}},{"start":{},"end":{}}],"line":8},"1":{"loc":{"start":{"line":11,"column":2},"end":{"line":11,"column":37}},"type":"if","locations":[{"start":{"line":11,"column":2},"end":{"line":11,"column":37}},{"start":{},"end":{}}],"line":11}},"s":{"0":0,"1":0,"2":0,"3":0,"4":0,"5":0,"6":0},"f":{"0":0,"1":0},"b":{"0":[0,0],"1":[0,0]}}
,"C:\\Users\\Mildret\\Desktop\\act3\\src\\utils\\validateTask.ts": {"path":"C:\\Users\\Mildret\\Desktop\\act3\\src\\utils\\validateTask.ts","statementMap":{"0":{"start":{"line":2,"column":2},"end":{"line":4,"column":3}},"1":{"start":{"line":3,"column":4},"end":{"line":3,"column":38}},"2":{"start":{"line":5,"column":2},"end":{"line":7,"column":3}},"3":{"start":{"line":6,"column":4},"end":{"line":6,"column":56}},"4":{"start":{"line":8,"column":2},"end":{"line":10,"column":3}},"5":{"start":{"line":9,"column":4},"end":{"line":9,"column":59}},"6":{"start":{"line":11,"column":2},"end":{"line":11,"column":14}}},"fnMap":{"0":{"name":"validateTaskTitle","decl":{"start":{"line":1,"column":16},"end":{"line":1,"column":33}},"loc":{"start":{"line":1,"column":64},"end":{"line":12,"column":1}},"line":1}},"branchMap":{"0":{"loc":{"start":{"line":2,"column":2},"end":{"line":4,"column":3}},"type":"if","locations":[{"start":{"line":2,"column":2},"end":{"line":4,"column":3}},{"start":{},"end":{}}],"line":2},"1":{"loc":{"start":{"line":2,"column":6},"end":{"line":2,"column":41}},"type":"binary-expr","locations":[{"start":{"line":2,"column":6},"end":{"line":2,"column":12}},{"start":{"line":2,"column":16},"end":{"line":2,"column":41}}],"line":2},"2":{"loc":{"start":{"line":5,"column":2},"end":{"line":7,"column":3}},"type":"if","locations":[{"start":{"line":5,"column":2},"end":{"line":7,"column":3}},{"start":{},"end":{}}],"line":5},"3":{"loc":{"start":{"line":8,"column":2},"end":{"line":10,"column":3}},"type":"if","locations":[{"start":{"line":8,"column":2},"end":{"line":10,"column":3}},{"start":{},"end":{}}],"line":8}},"s":{"0":0,"1":0,"2":0,"3":0,"4":0,"5":0,"6":0},"f":{"0":0},"b":{"0":[0,0],"1":[0,0],"2":[0,0],"3":[0,0]}}
}
