TN:
SF:src\types.ts
FNF:0
FNH:0
LF:0
LH:0
BRF:0
BRH:0
end_of_record
TN:
SF:src\components\ConfirmDeleteDialog.tsx
FN:11,ConfirmDeleteDialog
FNF:1
FNH:1
FNDA:9,ConfirmDeleteDialog
DA:17,9
LF:1
LH:1
BRDA:23,0,0,4
BRDA:23,0,1,5
BRF:2
BRH:2
end_of_record
TN:
SF:src\components\GastoCard.tsx
FN:10,GastoCard
FN:21,(anonymous_1)
FNF:2
FNH:1
FNDA:2,GastoCard
FNDA:0,(anonymous_1)
DA:11,2
DA:21,0
LF:2
LH:1
BRF:0
BRH:0
end_of_record
TN:
SF:src\components\GastoForm.tsx
FN:11,(anonymous_0)
FN:13,GastoForm
FN:22,(anonymous_2)
FN:23,(anonymous_3)
FN:24,(anonymous_4)
FN:27,(anonymous_5)
FN:47,(anonymous_6)
FN:56,(anonymous_7)
FN:61,(anonymous_8)
FN:66,(anonymous_9)
FN:86,(anonymous_10)
FNF:11
FNH:11
FNDA:22,(anonymous_0)
FNDA:20,GastoForm
FNDA:8,(anonymous_2)
FNDA:8,(anonymous_3)
FNDA:8,(anonymous_4)
FNDA:2,(anonymous_5)
FNDA:2,(anonymous_6)
FNDA:2,(anonymous_7)
FNDA:80,(anonymous_8)
FNDA:2,(anonymous_9)
FNDA:2,(anonymous_10)
DA:11,22
DA:14,20
DA:20,20
DA:22,20
DA:23,8
DA:24,8
DA:27,20
DA:28,2
DA:29,2
DA:30,2
DA:32,2
DA:33,2
DA:34,2
DA:38,20
DA:47,2
DA:56,2
DA:62,80
DA:63,80
DA:66,2
DA:86,2
LF:20
LH:20
BRDA:30,0,0,0
BRDA:30,0,1,2
BRDA:33,1,0,2
BRDA:33,1,1,0
BRDA:69,2,0,20
BRDA:69,2,1,60
BRDA:71,3,0,20
BRDA:71,3,1,60
BRDA:78,4,0,20
BRDA:78,4,1,0
BRF:10
BRH:7
end_of_record
TN:
SF:src\components\GastoList.tsx
FN:11,GastoList
FN:20,(anonymous_1)
FNF:2
FNH:2
FNDA:8,GastoList
FNDA:2,(anonymous_1)
DA:12,8
DA:13,6
DA:15,2
DA:20,2
LF:4
LH:4
BRDA:12,0,0,6
BRDA:12,0,1,2
BRDA:18,1,0,2
BRDA:18,1,1,0
BRF:4
BRH:3
end_of_record
TN:
SF:src\components\LabeledInput.tsx
FN:12,LabeledInput
FNF:1
FNH:1
FNDA:460,LabeledInput
DA:5,3
DA:13,460
LF:2
LH:2
BRDA:19,0,0,460
BRDA:19,0,1,0
BRDA:21,1,0,8
BRDA:21,1,1,452
BRDA:25,2,0,460
BRDA:25,2,1,8
BRF:6
BRH:5
end_of_record
TN:
SF:src\components\PaymentInfoSection.tsx
FN:18,PaymentInfoSection
FN:27,(anonymous_1)
FN:36,(anonymous_2)
FN:44,(anonymous_3)
FN:53,(anonymous_4)
FNF:5
FNH:5
FNDA:40,PaymentInfoSection
FNDA:3,(anonymous_1)
FNDA:3,(anonymous_2)
FNDA:3,(anonymous_3)
FNDA:3,(anonymous_4)
DA:19,40
DA:27,3
DA:36,3
DA:44,3
DA:53,3
LF:5
LH:5
BRDA:18,0,0,0
BRF:1
BRH:0
end_of_record
TN:
SF:src\components\ShippingInfoSection.tsx
FN:17,ShippingInfoSection
FN:26,(anonymous_1)
FN:33,(anonymous_2)
FN:42,(anonymous_3)
FNF:4
FNH:4
FNDA:40,ShippingInfoSection
FNDA:3,(anonymous_1)
FNDA:3,(anonymous_2)
FNDA:3,(anonymous_3)
DA:18,40
DA:26,3
DA:33,3
DA:42,3
LF:4
LH:4
BRDA:17,0,0,0
BRF:1
BRH:0
end_of_record
TN:
SF:src\components\StatusBadge.tsx
FN:4,StatusBadge
FNF:1
FNH:1
FNDA:2,StatusBadge
DA:5,2
DA:6,2
DA:8,2
LF:3
LH:3
BRDA:5,0,0,1
BRDA:5,0,1,1
BRDA:6,1,0,1
BRDA:6,1,1,1
BRF:4
BRH:4
end_of_record
TN:
SF:src\components\TaskCard.tsx
FN:11,TaskCard
FN:11,(anonymous_1)
FN:17,(anonymous_2)
FN:26,(anonymous_3)
FNF:4
FNH:2
FNDA:14,TaskCard
FNDA:0,(anonymous_1)
FNDA:0,(anonymous_2)
FNDA:1,(anonymous_3)
DA:12,14
DA:13,14
DA:17,0
DA:26,1
LF:4
LH:3
BRDA:11,0,0,7
BRDA:19,1,0,2
BRDA:19,1,1,12
BRDA:21,2,0,2
BRDA:21,2,1,12
BRDA:22,3,0,2
BRDA:22,3,1,12
BRF:7
BRH:7
end_of_record
TN:
SF:src\components\TaskForm.tsx
FN:8,TaskForm
FN:11,(anonymous_1)
FNF:2
FNH:2
FNDA:11,TaskForm
FNDA:4,(anonymous_1)
DA:9,11
DA:11,11
DA:12,4
DA:13,3
DA:14,3
DA:17,11
LF:6
LH:6
BRDA:12,0,0,1
BRDA:12,0,1,3
BRF:2
BRH:2
end_of_record
TN:
SF:src\components\TaskList.tsx
FN:12,TaskList
FN:12,(anonymous_1)
FN:12,(anonymous_2)
FN:26,(anonymous_3)
FN:27,(anonymous_4)
FNF:5
FNH:3
FNDA:8,TaskList
FNDA:0,(anonymous_1)
FNDA:0,(anonymous_2)
FNDA:12,(anonymous_3)
FNDA:7,(anonymous_4)
DA:13,8
DA:14,3
DA:17,5
DA:26,12
DA:27,7
LF:5
LH:5
BRDA:12,0,0,3
BRDA:12,1,0,3
BRDA:13,2,0,3
BRDA:13,2,1,5
BRDA:20,3,0,3
BRDA:20,3,1,2
BRF:6
BRH:6
end_of_record
TN:
SF:src\components\UserInfoSection.tsx
FN:17,UserInfoSection
FN:27,(anonymous_1)
FN:37,(anonymous_2)
FN:46,(anonymous_3)
FNF:4
FNH:4
FNDA:40,UserInfoSection
FNDA:4,(anonymous_1)
FNDA:3,(anonymous_2)
FNDA:3,(anonymous_3)
DA:18,40
DA:27,4
DA:37,3
DA:46,3
LF:4
LH:4
BRDA:17,0,0,0
BRF:1
BRH:0
end_of_record
TN:
SF:src\hooks\useCounter.ts
FN:3,useCounter
FN:6,(anonymous_1)
FN:6,(anonymous_2)
FN:7,(anonymous_3)
FN:7,(anonymous_4)
FN:8,(anonymous_5)
FNF:6
FNH:6
FNDA:9,useCounter
FNDA:3,(anonymous_1)
FNDA:3,(anonymous_2)
FNDA:1,(anonymous_3)
FNDA:1,(anonymous_4)
FNDA:1,(anonymous_5)
DA:4,9
DA:6,9
DA:7,9
DA:8,9
DA:10,9
LF:5
LH:5
BRDA:3,0,0,3
BRF:1
BRH:1
end_of_record
TN:
SF:src\hooks\useCreateTask.ts
FN:7,useCreateTask
FN:12,(anonymous_1)
FN:14,(anonymous_2)
FN:17,(anonymous_3)
FN:18,(anonymous_4)
FN:23,(anonymous_5)
FN:26,(anonymous_6)
FN:29,(anonymous_7)
FN:36,(anonymous_8)
FN:40,(anonymous_9)
FN:41,(anonymous_10)
FN:41,(anonymous_11)
FN:44,(anonymous_12)
FN:45,(anonymous_13)
FN:46,(anonymous_14)
FNF:15
FNH:13
FNDA:23,useCreateTask
FNDA:9,(anonymous_1)
FNDA:9,(anonymous_2)
FNDA:0,(anonymous_3)
FNDA:9,(anonymous_4)
FNDA:23,(anonymous_5)
FNDA:0,(anonymous_6)
FNDA:6,(anonymous_7)
FNDA:6,(anonymous_8)
FNDA:1,(anonymous_9)
FNDA:1,(anonymous_10)
FNDA:1,(anonymous_11)
FNDA:3,(anonymous_12)
FNDA:3,(anonymous_13)
FNDA:3,(anonymous_14)
DA:5,2
DA:8,23
DA:9,23
DA:10,23
DA:12,23
DA:13,9
DA:15,9
DA:19,9
DA:23,23
DA:25,23
DA:26,14
DA:29,23
DA:30,6
DA:36,6
DA:37,6
DA:40,23
DA:41,1
DA:44,23
DA:45,3
DA:46,3
DA:47,3
DA:52,23
LF:22
LH:22
BRDA:15,0,0,4
BRDA:15,0,1,5
BRDA:25,1,0,9
BRDA:25,1,1,14
BRDA:47,2,0,3
BRDA:47,2,1,0
BRDA:47,3,0,1
BRDA:47,3,1,2
BRF:8
BRH:7
end_of_record
TN:
SF:src\hooks\useGastos.ts
FN:11,(anonymous_0)
FN:13,useGastos
FN:19,(anonymous_2)
FN:20,(anonymous_3)
FN:36,(anonymous_4)
FN:42,(anonymous_5)
FN:44,(anonymous_6)
FN:47,(anonymous_7)
FN:51,(anonymous_8)
FN:56,(anonymous_9)
FN:62,(anonymous_10)
FN:66,(anonymous_11)
FN:66,(anonymous_12)
FN:68,(anonymous_13)
FN:68,(anonymous_14)
FNF:15
FNH:8
FNDA:0,(anonymous_0)
FNDA:8,useGastos
FNDA:3,(anonymous_2)
FNDA:3,(anonymous_3)
FNDA:3,(anonymous_4)
FNDA:8,(anonymous_5)
FNDA:0,(anonymous_6)
FNDA:2,(anonymous_7)
FNDA:1,(anonymous_8)
FNDA:1,(anonymous_9)
FNDA:0,(anonymous_10)
FNDA:0,(anonymous_11)
FNDA:0,(anonymous_12)
FNDA:0,(anonymous_13)
FNDA:0,(anonymous_14)
DA:6,1
DA:11,1
DA:14,8
DA:15,8
DA:16,8
DA:17,8
DA:19,8
DA:20,3
DA:21,3
DA:22,3
DA:23,3
DA:24,3
DA:29,3
DA:30,3
DA:31,3
DA:33,0
DA:35,3
DA:36,3
DA:39,3
DA:42,8
DA:43,8
DA:44,5
DA:47,8
DA:48,2
DA:49,2
DA:50,2
DA:51,1
DA:52,1
DA:53,1
DA:55,1
DA:56,1
DA:57,1
DA:58,1
DA:62,8
DA:63,0
DA:64,0
DA:65,0
DA:66,0
DA:68,0
DA:72,8
LF:40
LH:34
BRDA:24,0,0,0
BRDA:24,0,1,3
BRDA:36,1,0,0
BRDA:36,1,1,3
BRDA:43,2,0,3
BRDA:43,2,1,5
BRF:6
BRH:4
end_of_record
TN:
SF:src\hooks\useTaskList.ts
FN:4,useTaskList
FN:8,(anonymous_1)
FN:19,(anonymous_2)
FN:22,(anonymous_3)
FN:23,(anonymous_4)
FN:23,(anonymous_5)
FNF:6
FNH:6
FNDA:10,useTaskList
FNDA:4,(anonymous_1)
FNDA:2,(anonymous_2)
FNDA:1,(anonymous_3)
FNDA:1,(anonymous_4)
FNDA:2,(anonymous_5)
DA:5,10
DA:6,10
DA:8,10
DA:9,4
DA:10,2
DA:11,2
DA:13,2
DA:14,2
DA:19,2
DA:22,10
DA:23,2
DA:26,10
DA:28,10
LF:13
LH:13
BRDA:4,0,0,8
BRDA:9,1,0,2
BRDA:9,1,1,2
BRF:3
BRH:3
end_of_record
TN:
SF:src\schemas\checkoutSchema.ts
FN:20,validateCheckout
FN:24,(anonymous_1)
FNF:2
FNH:2
FNDA:33,validateCheckout
FNDA:36,(anonymous_1)
DA:4,2
DA:5,2
DA:6,2
DA:8,2
DA:21,33
DA:22,33
DA:23,26
DA:24,36
LF:8
LH:8
BRDA:22,0,0,7
BRDA:22,0,1,26
BRF:2
BRH:2
end_of_record
TN:
SF:src\schemas\gastoApiSchema.ts
FN:33,(anonymous_0)
FN:48,(anonymous_1)
FN:55,(anonymous_2)
FN:119,(anonymous_3)
FN:134,(anonymous_4)
FN:141,(anonymous_5)
FN:271,validateGastoResponse
FN:281,(anonymous_7)
FN:292,assertGastoApiContract
FN:299,(anonymous_9)
FNF:10
FNH:10
FNDA:24,(anonymous_0)
FNDA:24,(anonymous_1)
FNDA:24,(anonymous_2)
FNDA:3,(anonymous_3)
FNDA:4,(anonymous_4)
FNDA:4,(anonymous_5)
FNDA:2,validateGastoResponse
FNDA:4,(anonymous_7)
FNDA:2,assertGastoApiContract
FNDA:1,(anonymous_9)
DA:25,1
DA:33,24
DA:49,24
DA:50,24
DA:56,24
DA:57,24
DA:58,24
DA:59,24
DA:77,1
DA:88,1
DA:112,1
DA:119,3
DA:135,4
DA:136,4
DA:142,4
DA:143,4
DA:144,4
DA:145,4
DA:159,1
DA:177,1
DA:195,1
DA:212,1
DA:233,1
DA:248,1
DA:275,2
DA:276,2
DA:277,1
DA:280,1
DA:281,1
DA:282,4
DA:283,4
DA:286,1
DA:296,2
DA:297,2
DA:298,1
DA:299,1
DA:301,1
LF:37
LH:37
BRDA:50,0,0,24
BRDA:50,0,1,24
BRDA:136,1,0,4
BRDA:136,1,1,4
BRDA:276,2,0,1
BRDA:276,2,1,1
BRDA:297,3,0,1
BRDA:297,3,1,1
BRF:8
BRH:8
end_of_record
TN:
SF:src\schemas\gastoSchema.ts
FN:19,validateGasto
FN:23,(anonymous_1)
FNF:2
FNH:1
FNDA:2,validateGasto
FNDA:0,(anonymous_1)
DA:3,2
DA:5,2
DA:20,2
DA:21,2
DA:22,0
DA:23,0
LF:6
LH:4
BRDA:21,0,0,2
BRDA:21,0,1,0
BRF:2
BRH:1
end_of_record
TN:
SF:src\schemas\taskSchema.ts
FNF:0
FNH:0
DA:3,1
DA:10,1
LF:2
LH:2
BRF:0
BRH:0
end_of_record
TN:
SF:src\screens\CheckoutScreen.tsx
FN:14,(anonymous_0)
FN:15,(anonymous_1)
FN:15,(anonymous_2)
FN:17,CheckoutScreen
FN:25,(anonymous_4)
FN:49,(anonymous_5)
FN:49,(anonymous_6)
FN:54,(anonymous_7)
FN:54,(anonymous_8)
FN:59,(anonymous_9)
FN:59,(anonymous_10)
FN:86,(anonymous_11)
FNF:12
FNH:11
FNDA:5,(anonymous_0)
FNDA:13,(anonymous_1)
FNDA:41,(anonymous_2)
FNDA:40,CheckoutScreen
FNDA:5,(anonymous_4)
FNDA:10,(anonymous_5)
FNDA:10,(anonymous_6)
FNDA:9,(anonymous_7)
FNDA:9,(anonymous_8)
FNDA:12,(anonymous_9)
FNDA:12,(anonymous_10)
FNDA:0,(anonymous_11)
DA:10,1
DA:11,1
DA:12,1
DA:14,1
DA:15,41
DA:18,40
DA:19,40
DA:20,40
DA:21,40
DA:22,40
DA:23,40
DA:25,40
DA:26,5
DA:27,1
DA:28,1
DA:29,1
DA:32,4
DA:33,4
DA:34,4
DA:37,40
DA:49,10
DA:54,9
DA:59,12
DA:86,0
LF:24
LH:23
BRDA:26,0,0,1
BRDA:26,0,1,4
BRDA:34,1,0,2
BRDA:34,1,1,2
BRDA:62,2,0,40
BRDA:62,2,1,1
BRDA:67,3,0,40
BRDA:67,3,1,2
BRDA:83,4,0,40
BRDA:83,4,1,40
BRF:10
BRH:10
end_of_record
TN:
SF:src\screens\ControlGastosScreen.tsx
FN:15,ControlGastosScreen
FN:43,(anonymous_1)
FN:48,(anonymous_2)
FNF:3
FNH:2
FNDA:8,ControlGastosScreen
FNDA:24,(anonymous_1)
FNDA:0,(anonymous_2)
DA:9,1
DA:16,8
DA:17,8
DA:18,8
DA:19,8
DA:21,8
DA:44,24
DA:45,24
DA:48,0
LF:9
LH:8
BRDA:30,0,0,8
BRDA:30,0,1,2
BRDA:35,1,0,8
BRDA:35,1,1,0
BRDA:51,2,0,8
BRDA:51,2,1,16
BRDA:53,3,0,8
BRDA:53,3,1,16
BRF:8
BRH:7
end_of_record
TN:
SF:src\screens\CreateTaskScreen.tsx
FN:16,CreateTaskScreen
FN:22,(anonymous_1)
FN:38,(anonymous_2)
FN:43,(anonymous_3)
FN:59,(anonymous_4)
FN:60,(anonymous_5)
FNF:6
FNH:3
FNDA:5,CreateTaskScreen
FNDA:4,(anonymous_1)
FNDA:15,(anonymous_2)
FNDA:0,(anonymous_3)
FNDA:0,(anonymous_4)
FNDA:0,(anonymous_5)
DA:10,1
DA:17,5
DA:18,5
DA:19,5
DA:20,5
DA:22,5
DA:23,5
DA:25,5
DA:39,15
DA:40,15
DA:43,0
DA:59,0
DA:61,0
DA:62,0
LF:14
LH:10
BRDA:32,0,0,5
BRDA:32,0,1,2
BRDA:46,1,0,5
BRDA:46,1,1,10
BRDA:48,2,0,5
BRDA:48,2,1,10
BRDA:61,3,0,0
BRDA:61,3,1,0
BRF:8
BRH:6
end_of_record
TN:
SF:src\screens\HomeScreen.tsx
FN:27,HomeScreen
FN:36,(anonymous_1)
FNF:2
FNH:0
FNDA:0,HomeScreen
FNDA:0,(anonymous_1)
DA:6,0
DA:28,0
DA:30,0
DA:37,0
LF:4
LH:0
BRF:0
BRH:0
end_of_record
TN:
SF:src\services\gastoService.ts
FN:7,fetchGastos
FN:13,createGasto
FN:23,deleteGasto
FNF:3
FNH:2
FNDA:3,fetchGastos
FNDA:2,createGasto
FNDA:0,deleteGasto
DA:3,1
DA:8,3
DA:9,3
DA:10,3
DA:14,2
DA:19,2
DA:20,1
DA:24,0
DA:25,0
LF:9
LH:7
BRDA:9,0,0,0
BRDA:9,0,1,3
BRDA:19,1,0,1
BRDA:19,1,1,1
BRDA:25,2,0,0
BRDA:25,2,1,0
BRF:6
BRH:3
end_of_record
TN:
SF:src\services\taskService.ts
FN:5,fetchTasks
FN:11,createTask
FNF:2
FNH:2
FNDA:2,fetchTasks
FNDA:3,createTask
DA:3,1
DA:6,2
DA:7,2
DA:8,1
DA:12,3
DA:17,3
DA:18,2
LF:7
LH:7
BRDA:7,0,0,1
BRDA:7,0,1,1
BRDA:17,1,0,1
BRDA:17,1,1,2
BRF:4
BRH:4
end_of_record
TN:
SF:src\utils\filterGastos.ts
FN:5,(anonymous_0)
FN:13,filterGastos
FN:16,(anonymous_2)
FN:23,(anonymous_3)
FN:24,(anonymous_4)
FNF:5
FNH:3
FNDA:0,(anonymous_0)
FNDA:8,filterGastos
FNDA:0,(anonymous_2)
FNDA:8,(anonymous_3)
FNDA:2,(anonymous_4)
DA:5,1
DA:6,0
DA:7,0
DA:8,0
DA:9,0
DA:10,0
DA:14,8
DA:15,0
DA:16,0
DA:17,0
DA:18,0
DA:19,0
DA:23,1
DA:24,8
LF:14
LH:4
BRDA:7,0,0,0
BRDA:7,0,1,0
BRDA:13,1,0,8
BRDA:14,2,0,8
BRDA:14,2,1,0
BRDA:18,3,0,0
BRDA:18,3,1,0
BRDA:18,4,0,0
BRDA:18,4,1,0
BRDA:19,5,0,0
BRDA:19,5,1,0
BRF:11
BRH:2
end_of_record
TN:
SF:src\utils\filterTasks.ts
FN:7,filterTasksByStatus
FN:12,(anonymous_1)
FNF:2
FNH:2
FNDA:9,filterTasksByStatus
FNDA:8,(anonymous_1)
DA:5,2
DA:8,9
DA:9,1
DA:11,8
DA:12,8
LF:5
LH:5
BRDA:8,0,0,1
BRDA:8,0,1,8
BRDA:11,1,0,6
BRDA:11,1,1,2
BRF:4
BRH:4
end_of_record
TN:
SF:src\utils\validateTask.ts
FN:1,validateTaskTitle
FNF:1
FNH:1
FNDA:7,validateTaskTitle
DA:2,7
DA:3,2
DA:5,5
DA:6,1
DA:8,4
DA:9,1
DA:11,3
LF:7
LH:7
BRDA:2,0,0,2
BRDA:2,0,1,5
BRDA:2,1,0,7
BRDA:2,1,1,6
BRDA:5,2,0,1
BRDA:5,2,1,4
BRDA:8,3,0,1
BRDA:8,3,1,3
BRF:8
BRH:8
end_of_record
